<?xml version="1.0" encoding="UTF-8"?>
<testsuite name="com.example.zyx.demo.DemoApplicationTests" tests="1" skipped="0" failures="0" errors="0" timestamp="2020-04-02T02:23:04" hostname="DESKTOP-B4MG4BK" time="0.322">
  <properties/>
  <testcase name="contextLoads()" classname="com.example.zyx.demo.DemoApplicationTests" time="0.322"/>
  <system-out><![CDATA[10:23:03.142 [Test worker] DEBUG org.springframework.test.context.BootstrapUtils - Instantiating CacheAwareContextLoaderDelegate from class [org.springframework.test.context.cache.DefaultCacheAwareContextLoaderDelegate]
10:23:03.163 [Test worker] DEBUG org.springframework.test.context.BootstrapUtils - Instantiating BootstrapContext using constructor [public org.springframework.test.context.support.DefaultBootstrapContext(java.lang.Class,org.springframework.test.context.CacheAwareContextLoaderDelegate)]
10:23:03.204 [Test worker] DEBUG org.springframework.test.context.BootstrapUtils - Instantiating TestContextBootstrapper for test class [com.example.zyx.demo.DemoApplicationTests] from class [org.springframework.boot.test.context.SpringBootTestContextBootstrapper]
10:23:03.224 [Test worker] INFO org.springframework.boot.test.context.SpringBootTestContextBootstrapper - Neither @ContextConfiguration nor @ContextHierarchy found for test class [com.example.zyx.demo.DemoApplicationTests], using SpringBootContextLoader
10:23:03.230 [Test worker] DEBUG org.springframework.test.context.support.AbstractContextLoader - Did not detect default resource location for test class [com.example.zyx.demo.DemoApplicationTests]: class path resource [com/example/zyx/demo/DemoApplicationTests-context.xml] does not exist
10:23:03.230 [Test worker] DEBUG org.springframework.test.context.support.AbstractContextLoader - Did not detect default resource location for test class [com.example.zyx.demo.DemoApplicationTests]: class path resource [com/example/zyx/demo/DemoApplicationTestsContext.groovy] does not exist
10:23:03.230 [Test worker] INFO org.springframework.test.context.support.AbstractContextLoader - Could not detect default resource locations for test class [com.example.zyx.demo.DemoApplicationTests]: no resource found for suffixes {-context.xml, Context.groovy}.
10:23:03.231 [Test worker] INFO org.springframework.test.context.support.AnnotationConfigContextLoaderUtils - Could not detect default configuration classes for test class [com.example.zyx.demo.DemoApplicationTests]: DemoApplicationTests does not declare any static, non-private, non-final, nested classes annotated with @Configuration.
10:23:03.273 [Test worker] DEBUG org.springframework.test.context.support.ActiveProfilesUtils - Could not find an 'annotation declaring class' for annotation type [org.springframework.test.context.ActiveProfiles] and class [com.example.zyx.demo.DemoApplicationTests]
10:23:03.337 [Test worker] DEBUG org.springframework.context.annotation.ClassPathScanningCandidateComponentProvider - Identified candidate component class: file [D:\Experiment1\build\classes\java\main\com\example\zyx\demo\DemoApplication.class]
10:23:03.338 [Test worker] INFO org.springframework.boot.test.context.SpringBootTestContextBootstrapper - Found @SpringBootConfiguration com.example.zyx.demo.DemoApplication for test class com.example.zyx.demo.DemoApplicationTests
10:23:03.418 [Test worker] DEBUG org.springframework.boot.test.context.SpringBootTestContextBootstrapper - @TestExecutionListeners is not present for class [com.example.zyx.demo.DemoApplicationTests]: using defaults.
10:23:03.419 [Test worker] INFO org.springframework.boot.test.context.SpringBootTestContextBootstrapper - Loaded default TestExecutionListener class names from location [META-INF/spring.factories]: [org.springframework.boot.test.autoconfigure.restdocs.RestDocsTestExecutionListener, org.springframework.boot.test.autoconfigure.web.client.MockRestServiceServerResetTestExecutionListener, org.springframework.boot.test.autoconfigure.web.servlet.MockMvcPrintOnlyOnFailureTestExecutionListener, org.springframework.boot.test.autoconfigure.web.servlet.WebDriverTestExecutionListener, org.springframework.boot.test.mock.mockito.MockitoTestExecutionListener, org.springframework.boot.test.mock.mockito.ResetMocksTestExecutionListener, org.springframework.test.context.web.ServletTestExecutionListener, org.springframework.test.context.support.DirtiesContextBeforeModesTestExecutionListener, org.springframework.test.context.support.DependencyInjectionTestExecutionListener, org.springframework.test.context.support.DirtiesContextTestExecutionListener, org.springframework.test.context.transaction.TransactionalTestExecutionListener, org.springframework.test.context.jdbc.SqlScriptsTestExecutionListener, org.springframework.test.context.event.EventPublishingTestExecutionListener]
10:23:03.425 [Test worker] DEBUG org.springframework.boot.test.context.SpringBootTestContextBootstrapper - Skipping candidate TestExecutionListener [org.springframework.test.context.web.ServletTestExecutionListener] due to a missing dependency. Specify custom listener classes or make the default listener classes and their required dependencies available. Offending class: [javax/servlet/ServletContext]
10:23:03.427 [Test worker] DEBUG org.springframework.boot.test.context.SpringBootTestContextBootstrapper - Skipping candidate TestExecutionListener [org.springframework.test.context.transaction.TransactionalTestExecutionListener] due to a missing dependency. Specify custom listener classes or make the default listener classes and their required dependencies available. Offending class: [org/springframework/transaction/interceptor/TransactionAttributeSource]
10:23:03.428 [Test worker] DEBUG org.springframework.boot.test.context.SpringBootTestContextBootstrapper - Skipping candidate TestExecutionListener [org.springframework.test.context.jdbc.SqlScriptsTestExecutionListener] due to a missing dependency. Specify custom listener classes or make the default listener classes and their required dependencies available. Offending class: [org/springframework/transaction/interceptor/TransactionAttribute]
10:23:03.428 [Test worker] INFO org.springframework.boot.test.context.SpringBootTestContextBootstrapper - Using TestExecutionListeners: [org.springframework.test.context.support.DirtiesContextBeforeModesTestExecutionListener@7bae983d, org.springframework.boot.test.mock.mockito.MockitoTestExecutionListener@667e5500, org.springframework.boot.test.autoconfigure.SpringBootDependencyInjectionTestExecutionListener@2375e350, org.springframework.test.context.support.DirtiesContextTestExecutionListener@7b8412b3, org.springframework.test.context.event.EventPublishingTestExecutionListener@74e4028e, org.springframework.boot.test.autoconfigure.restdocs.RestDocsTestExecutionListener@60268f47, org.springframework.boot.test.autoconfigure.web.client.MockRestServiceServerResetTestExecutionListener@6cc58f70, org.springframework.boot.test.autoconfigure.web.servlet.MockMvcPrintOnlyOnFailureTestExecutionListener@378f09d1, org.springframework.boot.test.autoconfigure.web.servlet.WebDriverTestExecutionListener@632b9ddc, org.springframework.boot.test.mock.mockito.ResetMocksTestExecutionListener@37236a49]
10:23:03.432 [Test worker] DEBUG org.springframework.test.context.support.AbstractDirtiesContextTestExecutionListener - Before test class: context [DefaultTestContext@655cf938 testClass = DemoApplicationTests, testInstance = [null], testMethod = [null], testException = [null], mergedContextConfiguration = [MergedContextConfiguration@c787326 testClass = DemoApplicationTests, locations = '{}', classes = '{class com.example.zyx.demo.DemoApplication}', contextInitializerClasses = '[]', activeProfiles = '{}', propertySourceLocations = '{}', propertySourceProperties = '{org.springframework.boot.test.context.SpringBootTestContextBootstrapper=true}', contextCustomizers = set[org.springframework.boot.test.autoconfigure.properties.PropertyMappingContextCustomizer@0, org.springframework.boot.test.autoconfigure.web.servlet.WebDriverContextCustomizerFactory$Customizer@565af71c, org.springframework.boot.test.context.filter.ExcludeFilterContextCustomizer@180942c9, org.springframework.boot.test.json.DuplicateJsonObjectContextCustomizerFactory$DuplicateJsonObjectContextCustomizer@47068da3, org.springframework.boot.test.mock.mockito.MockitoContextCustomizer@0, org.springframework.boot.test.web.client.TestRestTemplateContextCustomizer@37194a02], contextLoader = 'org.springframework.boot.test.context.SpringBootContextLoader', parent = [null]], attributes = map[[empty]]], class annotated with @DirtiesContext [false] with mode [null].
10:23:03.436 [Test worker] DEBUG org.springframework.test.context.support.DependencyInjectionTestExecutionListener - Performing dependency injection for test context [[DefaultTestContext@655cf938 testClass = DemoApplicationTests, testInstance = com.example.zyx.demo.DemoApplicationTests@19d3c7a6, testMethod = [null], testException = [null], mergedContextConfiguration = [MergedContextConfiguration@c787326 testClass = DemoApplicationTests, locations = '{}', classes = '{class com.example.zyx.demo.DemoApplication}', contextInitializerClasses = '[]', activeProfiles = '{}', propertySourceLocations = '{}', propertySourceProperties = '{org.springframework.boot.test.context.SpringBootTestContextBootstrapper=true}', contextCustomizers = set[org.springframework.boot.test.autoconfigure.properties.PropertyMappingContextCustomizer@0, org.springframework.boot.test.autoconfigure.web.servlet.WebDriverContextCustomizerFactory$Customizer@565af71c, org.springframework.boot.test.context.filter.ExcludeFilterContextCustomizer@180942c9, org.springframework.boot.test.json.DuplicateJsonObjectContextCustomizerFactory$DuplicateJsonObjectContextCustomizer@47068da3, org.springframework.boot.test.mock.mockito.MockitoContextCustomizer@0, org.springframework.boot.test.web.client.TestRestTemplateContextCustomizer@37194a02], contextLoader = 'org.springframework.boot.test.context.SpringBootContextLoader', parent = [null]], attributes = map[[empty]]]].
10:23:03.457 [Test worker] DEBUG org.springframework.test.context.support.TestPropertySourceUtils - Adding inlined properties to environment: {spring.jmx.enabled=false, org.springframework.boot.test.context.SpringBootTestContextBootstrapper=true, server.port=-1}

  .   ____          _            __ _ _
 /\\ / ___'_ __ _ _(_)_ __  __ _ \ \ \ \
( ( )\___ | '_ | '_| | '_ \/ _` | \ \ \ \
 \\/  ___)| |_)| | | | | || (_| |  ) ) ) )
  '  |____| .__|_| |_|_| |_\__, | / / / /
 =========|_|==============|___/=/_/_/_/
 :: Spring Boot ::        (v2.2.5.RELEASE)

2020-04-02 10:23:03.685  INFO 6652 --- [    Test worker] c.example.zyx.demo.DemoApplicationTests  : Starting DemoApplicationTests on DESKTOP-B4MG4BK with PID 6652 (started by Komorebi in D:\Experiment1)
2020-04-02 10:23:03.686  INFO 6652 --- [    Test worker] c.example.zyx.demo.DemoApplicationTests  : No active profile set, falling back to default profiles: default
2020-04-02 10:23:04.118  INFO 6652 --- [    Test worker] c.example.zyx.demo.DemoApplicationTests  : Started DemoApplicationTests in 0.658 seconds (JVM running for 2.607)
]]></system-out>
  <system-err><![CDATA[]]></system-err>
</testsuite>
