<?xml version="1.0" encoding="UTF-8"?>
<testsuite name="com.example.zyx.demo.Test.NextDateTest" tests="732" skipped="0" failures="0" errors="0" timestamp="2020-04-02T02:23:04" hostname="DESKTOP-B4MG4BK" time="0.397">
  <properties/>
  <testcase name="nextDateTest1(Integer, Integer, Integer, Integer, String)[1]" classname="com.example.zyx.demo.Test.NextDateTest" time="0.001"/>
  <testcase name="nextDateTest1(Integer, Integer, Integer, Integer, String)[2]" classname="com.example.zyx.demo.Test.NextDateTest" time="0.001"/>
  <testcase name="nextDateTest1(Integer, Integer, Integer, Integer, String)[3]" classname="com.example.zyx.demo.Test.NextDateTest" time="0.0"/>
  <testcase name="nextDateTest1(Integer, Integer, Integer, Integer, String)[4]" classname="com.example.zyx.demo.Test.NextDateTest" time="0.0"/>
  <testcase name="nextDateTest1(Integer, Integer, Integer, Integer, String)[5]" classname="com.example.zyx.demo.Test.NextDateTest" time="0.0"/>
  <testcase name="nextDateTest1(Integer, Integer, Integer, Integer, String)[6]" classname="com.example.zyx.demo.Test.NextDateTest" time="0.0"/>
  <testcase name="nextDateTest1(Integer, Integer, Integer, Integer, String)[7]" classname="com.example.zyx.demo.Test.NextDateTest" time="0.0"/>
  <testcase name="nextDateTest1(Integer, Integer, Integer, Integer, String)[8]" classname="com.example.zyx.demo.Test.NextDateTest" time="0.0"/>
  <testcase name="nextDateTest1(Integer, Integer, Integer, Integer, String)[9]" classname="com.example.zyx.demo.Test.NextDateTest" time="0.0"/>
  <testcase name="nextDateTest1(Integer, Integer, Integer, Integer, String)[10]" classname="com.example.zyx.demo.Test.NextDateTest" time="0.0"/>
  <testcase name="nextDateTest1(Integer, Integer, Integer, Integer, String)[11]" classname="com.example.zyx.demo.Test.NextDateTest" time="0.0"/>
  <testcase name="nextDateTest1(Integer, Integer, Integer, Integer, String)[12]" classname="com.example.zyx.demo.Test.NextDateTest" time="0.0"/>
  <testcase name="nextDateTest1(Integer, Integer, Integer, Integer, String)[13]" classname="com.example.zyx.demo.Test.NextDateTest" time="0.001"/>
  <testcase name="nextDateTest1(Integer, Integer, Integer, Integer, String)[14]" classname="com.example.zyx.demo.Test.NextDateTest" time="0.001"/>
  <testcase name="nextDateTest1(Integer, Integer, Integer, Integer, String)[15]" classname="com.example.zyx.demo.Test.NextDateTest" time="0.001"/>
  <testcase name="nextDateTest1(Integer, Integer, Integer, Integer, String)[16]" classname="com.example.zyx.demo.Test.NextDateTest" time="0.0"/>
  <testcase name="nextDateTest1(Integer, Integer, Integer, Integer, String)[17]" classname="com.example.zyx.demo.Test.NextDateTest" time="0.0"/>
  <testcase name="nextDateTest1(Integer, Integer, Integer, Integer, String)[18]" classname="com.example.zyx.demo.Test.NextDateTest" time="0.0"/>
  <testcase name="nextDateTest2(Integer, Integer, Integer, Integer, String)[1]" classname="com.example.zyx.demo.Test.NextDateTest" time="0.0"/>
  <testcase name="nextDateTest2(Integer, Integer, Integer, Integer, String)[2]" classname="com.example.zyx.demo.Test.NextDateTest" time="0.0"/>
  <testcase name="nextDateTest2(Integer, Integer, Integer, Integer, String)[3]" classname="com.example.zyx.demo.Test.NextDateTest" time="0.0"/>
  <testcase name="nextDateTest2(Integer, Integer, Integer, Integer, String)[4]" classname="com.example.zyx.demo.Test.NextDateTest" time="0.0"/>
  <testcase name="nextDateTest2(Integer, Integer, Integer, Integer, String)[5]" classname="com.example.zyx.demo.Test.NextDateTest" time="0.0"/>
  <testcase name="nextDateTest2(Integer, Integer, Integer, Integer, String)[6]" classname="com.example.zyx.demo.Test.NextDateTest" time="0.0"/>
  <testcase name="nextDateTest2(Integer, Integer, Integer, Integer, String)[7]" classname="com.example.zyx.demo.Test.NextDateTest" time="0.0"/>
  <testcase name="nextDateTest2(Integer, Integer, Integer, Integer, String)[8]" classname="com.example.zyx.demo.Test.NextDateTest" time="0.0"/>
  <testcase name="nextDateTest2(Integer, Integer, Integer, Integer, String)[9]" classname="com.example.zyx.demo.Test.NextDateTest" time="0.0"/>
  <testcase name="nextDateTest2(Integer, Integer, Integer, Integer, String)[10]" classname="com.example.zyx.demo.Test.NextDateTest" time="0.001"/>
  <testcase name="nextDateTest2(Integer, Integer, Integer, Integer, String)[11]" classname="com.example.zyx.demo.Test.NextDateTest" time="0.0"/>
  <testcase name="nextDateTest2(Integer, Integer, Integer, Integer, String)[12]" classname="com.example.zyx.demo.Test.NextDateTest" time="0.0"/>
  <testcase name="nextDateTest2(Integer, Integer, Integer, Integer, String)[13]" classname="com.example.zyx.demo.Test.NextDateTest" time="0.0"/>
  <testcase name="nextDateTest2(Integer, Integer, Integer, Integer, String)[14]" classname="com.example.zyx.demo.Test.NextDateTest" time="0.0"/>
  <testcase name="nextDateTest2(Integer, Integer, Integer, Integer, String)[15]" classname="com.example.zyx.demo.Test.NextDateTest" time="0.0"/>
  <testcase name="nextDateTest2(Integer, Integer, Integer, Integer, String)[16]" classname="com.example.zyx.demo.Test.NextDateTest" time="0.001"/>
  <testcase name="nextDateTest2(Integer, Integer, Integer, Integer, String)[17]" classname="com.example.zyx.demo.Test.NextDateTest" time="0.001"/>
  <testcase name="nextDateTest2(Integer, Integer, Integer, Integer, String)[18]" classname="com.example.zyx.demo.Test.NextDateTest" time="0.0"/>
  <testcase name="nextDateTest2(Integer, Integer, Integer, Integer, String)[19]" classname="com.example.zyx.demo.Test.NextDateTest" time="0.0"/>
  <testcase name="nextDateTest2(Integer, Integer, Integer, Integer, String)[20]" classname="com.example.zyx.demo.Test.NextDateTest" time="0.0"/>
  <testcase name="nextDateTest2(Integer, Integer, Integer, Integer, String)[21]" classname="com.example.zyx.demo.Test.NextDateTest" time="0.0"/>
  <testcase name="nextDateTest2(Integer, Integer, Integer, Integer, String)[22]" classname="com.example.zyx.demo.Test.NextDateTest" time="0.0"/>
  <testcase name="nextDateTest2(Integer, Integer, Integer, Integer, String)[23]" classname="com.example.zyx.demo.Test.NextDateTest" time="0.0"/>
  <testcase name="nextDateTest2(Integer, Integer, Integer, Integer, String)[24]" classname="com.example.zyx.demo.Test.NextDateTest" time="0.0"/>
  <testcase name="nextDateTest3(Integer, Integer, Integer, Integer, String)[1]" classname="com.example.zyx.demo.Test.NextDateTest" time="0.0"/>
  <testcase name="nextDateTest3(Integer, Integer, Integer, Integer, String)[2]" classname="com.example.zyx.demo.Test.NextDateTest" time="0.0"/>
  <testcase name="nextDateTest3(Integer, Integer, Integer, Integer, String)[3]" classname="com.example.zyx.demo.Test.NextDateTest" time="0.0"/>
  <testcase name="nextDateTest3(Integer, Integer, Integer, Integer, String)[4]" classname="com.example.zyx.demo.Test.NextDateTest" time="0.0"/>
  <testcase name="nextDateTest3(Integer, Integer, Integer, Integer, String)[5]" classname="com.example.zyx.demo.Test.NextDateTest" time="0.001"/>
  <testcase name="nextDateTest3(Integer, Integer, Integer, Integer, String)[6]" classname="com.example.zyx.demo.Test.NextDateTest" time="0.0"/>
  <testcase name="nextDateTest3(Integer, Integer, Integer, Integer, String)[7]" classname="com.example.zyx.demo.Test.NextDateTest" time="0.0"/>
  <testcase name="nextDateTest3(Integer, Integer, Integer, Integer, String)[8]" classname="com.example.zyx.demo.Test.NextDateTest" time="0.0"/>
  <testcase name="nextDateTest3(Integer, Integer, Integer, Integer, String)[9]" classname="com.example.zyx.demo.Test.NextDateTest" time="0.001"/>
  <testcase name="nextDateTest3(Integer, Integer, Integer, Integer, String)[10]" classname="com.example.zyx.demo.Test.NextDateTest" time="0.0"/>
  <testcase name="nextDateTest3(Integer, Integer, Integer, Integer, String)[11]" classname="com.example.zyx.demo.Test.NextDateTest" time="0.0"/>
  <testcase name="nextDateTest3(Integer, Integer, Integer, Integer, String)[12]" classname="com.example.zyx.demo.Test.NextDateTest" time="0.0"/>
  <testcase name="nextDateTest3(Integer, Integer, Integer, Integer, String)[13]" classname="com.example.zyx.demo.Test.NextDateTest" time="0.0"/>
  <testcase name="nextDateTest3(Integer, Integer, Integer, Integer, String)[14]" classname="com.example.zyx.demo.Test.NextDateTest" time="0.0"/>
  <testcase name="nextDateTest3(Integer, Integer, Integer, Integer, String)[15]" classname="com.example.zyx.demo.Test.NextDateTest" time="0.0"/>
  <testcase name="nextDateTest3(Integer, Integer, Integer, Integer, String)[16]" classname="com.example.zyx.demo.Test.NextDateTest" time="0.0"/>
  <testcase name="nextDateTest3(Integer, Integer, Integer, Integer, String)[17]" classname="com.example.zyx.demo.Test.NextDateTest" time="0.0"/>
  <testcase name="nextDateTest3(Integer, Integer, Integer, Integer, String)[18]" classname="com.example.zyx.demo.Test.NextDateTest" time="0.0"/>
  <testcase name="nextDateTest3(Integer, Integer, Integer, Integer, String)[19]" classname="com.example.zyx.demo.Test.NextDateTest" time="0.001"/>
  <testcase name="nextDateTest3(Integer, Integer, Integer, Integer, String)[20]" classname="com.example.zyx.demo.Test.NextDateTest" time="0.0"/>
  <testcase name="nextDateTest3(Integer, Integer, Integer, Integer, String)[21]" classname="com.example.zyx.demo.Test.NextDateTest" time="0.0"/>
  <testcase name="nextDateTest3(Integer, Integer, Integer, Integer, String)[22]" classname="com.example.zyx.demo.Test.NextDateTest" time="0.0"/>
  <testcase name="nextDateTest3(Integer, Integer, Integer, Integer, String)[23]" classname="com.example.zyx.demo.Test.NextDateTest" time="0.0"/>
  <testcase name="nextDateTest3(Integer, Integer, Integer, Integer, String)[24]" classname="com.example.zyx.demo.Test.NextDateTest" time="0.0"/>
  <testcase name="nextDateTest3(Integer, Integer, Integer, Integer, String)[25]" classname="com.example.zyx.demo.Test.NextDateTest" time="0.0"/>
  <testcase name="nextDateTest3(Integer, Integer, Integer, Integer, String)[26]" classname="com.example.zyx.demo.Test.NextDateTest" time="0.0"/>
  <testcase name="nextDateTest3(Integer, Integer, Integer, Integer, String)[27]" classname="com.example.zyx.demo.Test.NextDateTest" time="0.0"/>
  <testcase name="nextDateTest3(Integer, Integer, Integer, Integer, String)[28]" classname="com.example.zyx.demo.Test.NextDateTest" time="0.0"/>
  <testcase name="nextDateTest3(Integer, Integer, Integer, Integer, String)[29]" classname="com.example.zyx.demo.Test.NextDateTest" time="0.0"/>
  <testcase name="nextDateTest3(Integer, Integer, Integer, Integer, String)[30]" classname="com.example.zyx.demo.Test.NextDateTest" time="0.0"/>
  <testcase name="nextDateTest3(Integer, Integer, Integer, Integer, String)[31]" classname="com.example.zyx.demo.Test.NextDateTest" time="0.0"/>
  <testcase name="nextDateTest3(Integer, Integer, Integer, Integer, String)[32]" classname="com.example.zyx.demo.Test.NextDateTest" time="0.0"/>
  <testcase name="nextDateTest3(Integer, Integer, Integer, Integer, String)[33]" classname="com.example.zyx.demo.Test.NextDateTest" time="0.001"/>
  <testcase name="nextDateTest3(Integer, Integer, Integer, Integer, String)[34]" classname="com.example.zyx.demo.Test.NextDateTest" time="0.001"/>
  <testcase name="nextDateTest3(Integer, Integer, Integer, Integer, String)[35]" classname="com.example.zyx.demo.Test.NextDateTest" time="0.0"/>
  <testcase name="nextDateTest3(Integer, Integer, Integer, Integer, String)[36]" classname="com.example.zyx.demo.Test.NextDateTest" time="0.0"/>
  <testcase name="nextDateTest3(Integer, Integer, Integer, Integer, String)[37]" classname="com.example.zyx.demo.Test.NextDateTest" time="0.0"/>
  <testcase name="nextDateTest3(Integer, Integer, Integer, Integer, String)[38]" classname="com.example.zyx.demo.Test.NextDateTest" time="0.0"/>
  <testcase name="nextDateTest3(Integer, Integer, Integer, Integer, String)[39]" classname="com.example.zyx.demo.Test.NextDateTest" time="0.0"/>
  <testcase name="nextDateTest3(Integer, Integer, Integer, Integer, String)[40]" classname="com.example.zyx.demo.Test.NextDateTest" time="0.0"/>
  <testcase name="nextDateTest3(Integer, Integer, Integer, Integer, String)[41]" classname="com.example.zyx.demo.Test.NextDateTest" time="0.001"/>
  <testcase name="nextDateTest3(Integer, Integer, Integer, Integer, String)[42]" classname="com.example.zyx.demo.Test.NextDateTest" time="0.001"/>
  <testcase name="nextDateTest3(Integer, Integer, Integer, Integer, String)[43]" classname="com.example.zyx.demo.Test.NextDateTest" time="0.0"/>
  <testcase name="nextDateTest3(Integer, Integer, Integer, Integer, String)[44]" classname="com.example.zyx.demo.Test.NextDateTest" time="0.0"/>
  <testcase name="nextDateTest3(Integer, Integer, Integer, Integer, String)[45]" classname="com.example.zyx.demo.Test.NextDateTest" time="0.001"/>
  <testcase name="nextDateTest3(Integer, Integer, Integer, Integer, String)[46]" classname="com.example.zyx.demo.Test.NextDateTest" time="0.001"/>
  <testcase name="nextDateTest3(Integer, Integer, Integer, Integer, String)[47]" classname="com.example.zyx.demo.Test.NextDateTest" time="0.0"/>
  <testcase name="nextDateTest3(Integer, Integer, Integer, Integer, String)[48]" classname="com.example.zyx.demo.Test.NextDateTest" time="0.0"/>
  <testcase name="nextDateTest3(Integer, Integer, Integer, Integer, String)[49]" classname="com.example.zyx.demo.Test.NextDateTest" time="0.0"/>
  <testcase name="nextDateTest3(Integer, Integer, Integer, Integer, String)[50]" classname="com.example.zyx.demo.Test.NextDateTest" time="0.0"/>
  <testcase name="nextDateTest3(Integer, Integer, Integer, Integer, String)[51]" classname="com.example.zyx.demo.Test.NextDateTest" time="0.0"/>
  <testcase name="nextDateTest3(Integer, Integer, Integer, Integer, String)[52]" classname="com.example.zyx.demo.Test.NextDateTest" time="0.0"/>
  <testcase name="nextDateTest3(Integer, Integer, Integer, Integer, String)[53]" classname="com.example.zyx.demo.Test.NextDateTest" time="0.0"/>
  <testcase name="nextDateTest3(Integer, Integer, Integer, Integer, String)[54]" classname="com.example.zyx.demo.Test.NextDateTest" time="0.001"/>
  <testcase name="nextDateTest3(Integer, Integer, Integer, Integer, String)[55]" classname="com.example.zyx.demo.Test.NextDateTest" time="0.001"/>
  <testcase name="nextDateTest3(Integer, Integer, Integer, Integer, String)[56]" classname="com.example.zyx.demo.Test.NextDateTest" time="0.001"/>
  <testcase name="nextDateTest3(Integer, Integer, Integer, Integer, String)[57]" classname="com.example.zyx.demo.Test.NextDateTest" time="0.001"/>
  <testcase name="nextDateTest3(Integer, Integer, Integer, Integer, String)[58]" classname="com.example.zyx.demo.Test.NextDateTest" time="0.001"/>
  <testcase name="nextDateTest3(Integer, Integer, Integer, Integer, String)[59]" classname="com.example.zyx.demo.Test.NextDateTest" time="0.0"/>
  <testcase name="nextDateTest3(Integer, Integer, Integer, Integer, String)[60]" classname="com.example.zyx.demo.Test.NextDateTest" time="0.0"/>
  <testcase name="nextDateTest3(Integer, Integer, Integer, Integer, String)[61]" classname="com.example.zyx.demo.Test.NextDateTest" time="0.0"/>
  <testcase name="nextDateTest3(Integer, Integer, Integer, Integer, String)[62]" classname="com.example.zyx.demo.Test.NextDateTest" time="0.0"/>
  <testcase name="nextDateTest3(Integer, Integer, Integer, Integer, String)[63]" classname="com.example.zyx.demo.Test.NextDateTest" time="0.0"/>
  <testcase name="nextDateTest3(Integer, Integer, Integer, Integer, String)[64]" classname="com.example.zyx.demo.Test.NextDateTest" time="0.001"/>
  <testcase name="nextDateTest3(Integer, Integer, Integer, Integer, String)[65]" classname="com.example.zyx.demo.Test.NextDateTest" time="0.0"/>
  <testcase name="nextDateTest3(Integer, Integer, Integer, Integer, String)[66]" classname="com.example.zyx.demo.Test.NextDateTest" time="0.001"/>
  <testcase name="nextDateTest3(Integer, Integer, Integer, Integer, String)[67]" classname="com.example.zyx.demo.Test.NextDateTest" time="0.0"/>
  <testcase name="nextDateTest3(Integer, Integer, Integer, Integer, String)[68]" classname="com.example.zyx.demo.Test.NextDateTest" time="0.0"/>
  <testcase name="nextDateTest3(Integer, Integer, Integer, Integer, String)[69]" classname="com.example.zyx.demo.Test.NextDateTest" time="0.0"/>
  <testcase name="nextDateTest3(Integer, Integer, Integer, Integer, String)[70]" classname="com.example.zyx.demo.Test.NextDateTest" time="0.001"/>
  <testcase name="nextDateTest3(Integer, Integer, Integer, Integer, String)[71]" classname="com.example.zyx.demo.Test.NextDateTest" time="0.0"/>
  <testcase name="nextDateTest3(Integer, Integer, Integer, Integer, String)[72]" classname="com.example.zyx.demo.Test.NextDateTest" time="0.0"/>
  <testcase name="nextDateTest3(Integer, Integer, Integer, Integer, String)[73]" classname="com.example.zyx.demo.Test.NextDateTest" time="0.001"/>
  <testcase name="nextDateTest3(Integer, Integer, Integer, Integer, String)[74]" classname="com.example.zyx.demo.Test.NextDateTest" time="0.0"/>
  <testcase name="nextDateTest3(Integer, Integer, Integer, Integer, String)[75]" classname="com.example.zyx.demo.Test.NextDateTest" time="0.0"/>
  <testcase name="nextDateTest3(Integer, Integer, Integer, Integer, String)[76]" classname="com.example.zyx.demo.Test.NextDateTest" time="0.0"/>
  <testcase name="nextDateTest3(Integer, Integer, Integer, Integer, String)[77]" classname="com.example.zyx.demo.Test.NextDateTest" time="0.0"/>
  <testcase name="nextDateTest3(Integer, Integer, Integer, Integer, String)[78]" classname="com.example.zyx.demo.Test.NextDateTest" time="0.0"/>
  <testcase name="nextDateTest3(Integer, Integer, Integer, Integer, String)[79]" classname="com.example.zyx.demo.Test.NextDateTest" time="0.001"/>
  <testcase name="nextDateTest3(Integer, Integer, Integer, Integer, String)[80]" classname="com.example.zyx.demo.Test.NextDateTest" time="0.0"/>
  <testcase name="nextDateTest3(Integer, Integer, Integer, Integer, String)[81]" classname="com.example.zyx.demo.Test.NextDateTest" time="0.0"/>
  <testcase name="nextDateTest3(Integer, Integer, Integer, Integer, String)[82]" classname="com.example.zyx.demo.Test.NextDateTest" time="0.0"/>
  <testcase name="nextDateTest3(Integer, Integer, Integer, Integer, String)[83]" classname="com.example.zyx.demo.Test.NextDateTest" time="0.0"/>
  <testcase name="nextDateTest3(Integer, Integer, Integer, Integer, String)[84]" classname="com.example.zyx.demo.Test.NextDateTest" time="0.0"/>
  <testcase name="nextDateTest3(Integer, Integer, Integer, Integer, String)[85]" classname="com.example.zyx.demo.Test.NextDateTest" time="0.0"/>
  <testcase name="nextDateTest3(Integer, Integer, Integer, Integer, String)[86]" classname="com.example.zyx.demo.Test.NextDateTest" time="0.0"/>
  <testcase name="nextDateTest3(Integer, Integer, Integer, Integer, String)[87]" classname="com.example.zyx.demo.Test.NextDateTest" time="0.001"/>
  <testcase name="nextDateTest3(Integer, Integer, Integer, Integer, String)[88]" classname="com.example.zyx.demo.Test.NextDateTest" time="0.0"/>
  <testcase name="nextDateTest3(Integer, Integer, Integer, Integer, String)[89]" classname="com.example.zyx.demo.Test.NextDateTest" time="0.0"/>
  <testcase name="nextDateTest3(Integer, Integer, Integer, Integer, String)[90]" classname="com.example.zyx.demo.Test.NextDateTest" time="0.0"/>
  <testcase name="nextDateTest3(Integer, Integer, Integer, Integer, String)[91]" classname="com.example.zyx.demo.Test.NextDateTest" time="0.001"/>
  <testcase name="nextDateTest3(Integer, Integer, Integer, Integer, String)[92]" classname="com.example.zyx.demo.Test.NextDateTest" time="0.0"/>
  <testcase name="nextDateTest3(Integer, Integer, Integer, Integer, String)[93]" classname="com.example.zyx.demo.Test.NextDateTest" time="0.0"/>
  <testcase name="nextDateTest3(Integer, Integer, Integer, Integer, String)[94]" classname="com.example.zyx.demo.Test.NextDateTest" time="0.0"/>
  <testcase name="nextDateTest3(Integer, Integer, Integer, Integer, String)[95]" classname="com.example.zyx.demo.Test.NextDateTest" time="0.0"/>
  <testcase name="nextDateTest3(Integer, Integer, Integer, Integer, String)[96]" classname="com.example.zyx.demo.Test.NextDateTest" time="0.0"/>
  <testcase name="nextDateTest3(Integer, Integer, Integer, Integer, String)[97]" classname="com.example.zyx.demo.Test.NextDateTest" time="0.0"/>
  <testcase name="nextDateTest3(Integer, Integer, Integer, Integer, String)[98]" classname="com.example.zyx.demo.Test.NextDateTest" time="0.001"/>
  <testcase name="nextDateTest3(Integer, Integer, Integer, Integer, String)[99]" classname="com.example.zyx.demo.Test.NextDateTest" time="0.0"/>
  <testcase name="nextDateTest3(Integer, Integer, Integer, Integer, String)[100]" classname="com.example.zyx.demo.Test.NextDateTest" time="0.001"/>
  <testcase name="nextDateTest3(Integer, Integer, Integer, Integer, String)[101]" classname="com.example.zyx.demo.Test.NextDateTest" time="0.0"/>
  <testcase name="nextDateTest3(Integer, Integer, Integer, Integer, String)[102]" classname="com.example.zyx.demo.Test.NextDateTest" time="0.001"/>
  <testcase name="nextDateTest3(Integer, Integer, Integer, Integer, String)[103]" classname="com.example.zyx.demo.Test.NextDateTest" time="0.0"/>
  <testcase name="nextDateTest3(Integer, Integer, Integer, Integer, String)[104]" classname="com.example.zyx.demo.Test.NextDateTest" time="0.0"/>
  <testcase name="nextDateTest3(Integer, Integer, Integer, Integer, String)[105]" classname="com.example.zyx.demo.Test.NextDateTest" time="0.0"/>
  <testcase name="nextDateTest3(Integer, Integer, Integer, Integer, String)[106]" classname="com.example.zyx.demo.Test.NextDateTest" time="0.0"/>
  <testcase name="nextDateTest3(Integer, Integer, Integer, Integer, String)[107]" classname="com.example.zyx.demo.Test.NextDateTest" time="0.001"/>
  <testcase name="nextDateTest3(Integer, Integer, Integer, Integer, String)[108]" classname="com.example.zyx.demo.Test.NextDateTest" time="0.0"/>
  <testcase name="nextDateTest3(Integer, Integer, Integer, Integer, String)[109]" classname="com.example.zyx.demo.Test.NextDateTest" time="0.0"/>
  <testcase name="nextDateTest3(Integer, Integer, Integer, Integer, String)[110]" classname="com.example.zyx.demo.Test.NextDateTest" time="0.0"/>
  <testcase name="nextDateTest3(Integer, Integer, Integer, Integer, String)[111]" classname="com.example.zyx.demo.Test.NextDateTest" time="0.0"/>
  <testcase name="nextDateTest3(Integer, Integer, Integer, Integer, String)[112]" classname="com.example.zyx.demo.Test.NextDateTest" time="0.0"/>
  <testcase name="nextDateTest3(Integer, Integer, Integer, Integer, String)[113]" classname="com.example.zyx.demo.Test.NextDateTest" time="0.0"/>
  <testcase name="nextDateTest3(Integer, Integer, Integer, Integer, String)[114]" classname="com.example.zyx.demo.Test.NextDateTest" time="0.0"/>
  <testcase name="nextDateTest3(Integer, Integer, Integer, Integer, String)[115]" classname="com.example.zyx.demo.Test.NextDateTest" time="0.001"/>
  <testcase name="nextDateTest3(Integer, Integer, Integer, Integer, String)[116]" classname="com.example.zyx.demo.Test.NextDateTest" time="0.0"/>
  <testcase name="nextDateTest3(Integer, Integer, Integer, Integer, String)[117]" classname="com.example.zyx.demo.Test.NextDateTest" time="0.001"/>
  <testcase name="nextDateTest3(Integer, Integer, Integer, Integer, String)[118]" classname="com.example.zyx.demo.Test.NextDateTest" time="0.0"/>
  <testcase name="nextDateTest3(Integer, Integer, Integer, Integer, String)[119]" classname="com.example.zyx.demo.Test.NextDateTest" time="0.0"/>
  <testcase name="nextDateTest3(Integer, Integer, Integer, Integer, String)[120]" classname="com.example.zyx.demo.Test.NextDateTest" time="0.0"/>
  <testcase name="nextDateTest3(Integer, Integer, Integer, Integer, String)[121]" classname="com.example.zyx.demo.Test.NextDateTest" time="0.001"/>
  <testcase name="nextDateTest3(Integer, Integer, Integer, Integer, String)[122]" classname="com.example.zyx.demo.Test.NextDateTest" time="0.0"/>
  <testcase name="nextDateTest3(Integer, Integer, Integer, Integer, String)[123]" classname="com.example.zyx.demo.Test.NextDateTest" time="0.0"/>
  <testcase name="nextDateTest3(Integer, Integer, Integer, Integer, String)[124]" classname="com.example.zyx.demo.Test.NextDateTest" time="0.0"/>
  <testcase name="nextDateTest3(Integer, Integer, Integer, Integer, String)[125]" classname="com.example.zyx.demo.Test.NextDateTest" time="0.0"/>
  <testcase name="nextDateTest3(Integer, Integer, Integer, Integer, String)[126]" classname="com.example.zyx.demo.Test.NextDateTest" time="0.0"/>
  <testcase name="nextDateTest3(Integer, Integer, Integer, Integer, String)[127]" classname="com.example.zyx.demo.Test.NextDateTest" time="0.001"/>
  <testcase name="nextDateTest3(Integer, Integer, Integer, Integer, String)[128]" classname="com.example.zyx.demo.Test.NextDateTest" time="0.0"/>
  <testcase name="nextDateTest3(Integer, Integer, Integer, Integer, String)[129]" classname="com.example.zyx.demo.Test.NextDateTest" time="0.001"/>
  <testcase name="nextDateTest3(Integer, Integer, Integer, Integer, String)[130]" classname="com.example.zyx.demo.Test.NextDateTest" time="0.0"/>
  <testcase name="nextDateTest3(Integer, Integer, Integer, Integer, String)[131]" classname="com.example.zyx.demo.Test.NextDateTest" time="0.0"/>
  <testcase name="nextDateTest3(Integer, Integer, Integer, Integer, String)[132]" classname="com.example.zyx.demo.Test.NextDateTest" time="0.0"/>
  <testcase name="nextDateTest3(Integer, Integer, Integer, Integer, String)[133]" classname="com.example.zyx.demo.Test.NextDateTest" time="0.0"/>
  <testcase name="nextDateTest3(Integer, Integer, Integer, Integer, String)[134]" classname="com.example.zyx.demo.Test.NextDateTest" time="0.001"/>
  <testcase name="nextDateTest3(Integer, Integer, Integer, Integer, String)[135]" classname="com.example.zyx.demo.Test.NextDateTest" time="0.0"/>
  <testcase name="nextDateTest3(Integer, Integer, Integer, Integer, String)[136]" classname="com.example.zyx.demo.Test.NextDateTest" time="0.0"/>
  <testcase name="nextDateTest3(Integer, Integer, Integer, Integer, String)[137]" classname="com.example.zyx.demo.Test.NextDateTest" time="0.0"/>
  <testcase name="nextDateTest3(Integer, Integer, Integer, Integer, String)[138]" classname="com.example.zyx.demo.Test.NextDateTest" time="0.0"/>
  <testcase name="nextDateTest3(Integer, Integer, Integer, Integer, String)[139]" classname="com.example.zyx.demo.Test.NextDateTest" time="0.0"/>
  <testcase name="nextDateTest3(Integer, Integer, Integer, Integer, String)[140]" classname="com.example.zyx.demo.Test.NextDateTest" time="0.0"/>
  <testcase name="nextDateTest3(Integer, Integer, Integer, Integer, String)[141]" classname="com.example.zyx.demo.Test.NextDateTest" time="0.0"/>
  <testcase name="nextDateTest3(Integer, Integer, Integer, Integer, String)[142]" classname="com.example.zyx.demo.Test.NextDateTest" time="0.001"/>
  <testcase name="nextDateTest3(Integer, Integer, Integer, Integer, String)[143]" classname="com.example.zyx.demo.Test.NextDateTest" time="0.0"/>
  <testcase name="nextDateTest3(Integer, Integer, Integer, Integer, String)[144]" classname="com.example.zyx.demo.Test.NextDateTest" time="0.0"/>
  <testcase name="nextDateTest3(Integer, Integer, Integer, Integer, String)[145]" classname="com.example.zyx.demo.Test.NextDateTest" time="0.001"/>
  <testcase name="nextDateTest3(Integer, Integer, Integer, Integer, String)[146]" classname="com.example.zyx.demo.Test.NextDateTest" time="0.0"/>
  <testcase name="nextDateTest3(Integer, Integer, Integer, Integer, String)[147]" classname="com.example.zyx.demo.Test.NextDateTest" time="0.0"/>
  <testcase name="nextDateTest3(Integer, Integer, Integer, Integer, String)[148]" classname="com.example.zyx.demo.Test.NextDateTest" time="0.0"/>
  <testcase name="nextDateTest3(Integer, Integer, Integer, Integer, String)[149]" classname="com.example.zyx.demo.Test.NextDateTest" time="0.0"/>
  <testcase name="nextDateTest3(Integer, Integer, Integer, Integer, String)[150]" classname="com.example.zyx.demo.Test.NextDateTest" time="0.0"/>
  <testcase name="nextDateTest3(Integer, Integer, Integer, Integer, String)[151]" classname="com.example.zyx.demo.Test.NextDateTest" time="0.0"/>
  <testcase name="nextDateTest3(Integer, Integer, Integer, Integer, String)[152]" classname="com.example.zyx.demo.Test.NextDateTest" time="0.001"/>
  <testcase name="nextDateTest3(Integer, Integer, Integer, Integer, String)[153]" classname="com.example.zyx.demo.Test.NextDateTest" time="0.0"/>
  <testcase name="nextDateTest3(Integer, Integer, Integer, Integer, String)[154]" classname="com.example.zyx.demo.Test.NextDateTest" time="0.001"/>
  <testcase name="nextDateTest3(Integer, Integer, Integer, Integer, String)[155]" classname="com.example.zyx.demo.Test.NextDateTest" time="0.0"/>
  <testcase name="nextDateTest3(Integer, Integer, Integer, Integer, String)[156]" classname="com.example.zyx.demo.Test.NextDateTest" time="0.0"/>
  <testcase name="nextDateTest3(Integer, Integer, Integer, Integer, String)[157]" classname="com.example.zyx.demo.Test.NextDateTest" time="0.0"/>
  <testcase name="nextDateTest3(Integer, Integer, Integer, Integer, String)[158]" classname="com.example.zyx.demo.Test.NextDateTest" time="0.0"/>
  <testcase name="nextDateTest3(Integer, Integer, Integer, Integer, String)[159]" classname="com.example.zyx.demo.Test.NextDateTest" time="0.001"/>
  <testcase name="nextDateTest3(Integer, Integer, Integer, Integer, String)[160]" classname="com.example.zyx.demo.Test.NextDateTest" time="0.0"/>
  <testcase name="nextDateTest3(Integer, Integer, Integer, Integer, String)[161]" classname="com.example.zyx.demo.Test.NextDateTest" time="0.0"/>
  <testcase name="nextDateTest3(Integer, Integer, Integer, Integer, String)[162]" classname="com.example.zyx.demo.Test.NextDateTest" time="0.0"/>
  <testcase name="nextDateTest3(Integer, Integer, Integer, Integer, String)[163]" classname="com.example.zyx.demo.Test.NextDateTest" time="0.0"/>
  <testcase name="nextDateTest3(Integer, Integer, Integer, Integer, String)[164]" classname="com.example.zyx.demo.Test.NextDateTest" time="0.0"/>
  <testcase name="nextDateTest3(Integer, Integer, Integer, Integer, String)[165]" classname="com.example.zyx.demo.Test.NextDateTest" time="0.0"/>
  <testcase name="nextDateTest3(Integer, Integer, Integer, Integer, String)[166]" classname="com.example.zyx.demo.Test.NextDateTest" time="0.001"/>
  <testcase name="nextDateTest3(Integer, Integer, Integer, Integer, String)[167]" classname="com.example.zyx.demo.Test.NextDateTest" time="0.0"/>
  <testcase name="nextDateTest3(Integer, Integer, Integer, Integer, String)[168]" classname="com.example.zyx.demo.Test.NextDateTest" time="0.0"/>
  <testcase name="nextDateTest3(Integer, Integer, Integer, Integer, String)[169]" classname="com.example.zyx.demo.Test.NextDateTest" time="0.0"/>
  <testcase name="nextDateTest3(Integer, Integer, Integer, Integer, String)[170]" classname="com.example.zyx.demo.Test.NextDateTest" time="0.0"/>
  <testcase name="nextDateTest3(Integer, Integer, Integer, Integer, String)[171]" classname="com.example.zyx.demo.Test.NextDateTest" time="0.0"/>
  <testcase name="nextDateTest3(Integer, Integer, Integer, Integer, String)[172]" classname="com.example.zyx.demo.Test.NextDateTest" time="0.0"/>
  <testcase name="nextDateTest3(Integer, Integer, Integer, Integer, String)[173]" classname="com.example.zyx.demo.Test.NextDateTest" time="0.0"/>
  <testcase name="nextDateTest3(Integer, Integer, Integer, Integer, String)[174]" classname="com.example.zyx.demo.Test.NextDateTest" time="0.0"/>
  <testcase name="nextDateTest3(Integer, Integer, Integer, Integer, String)[175]" classname="com.example.zyx.demo.Test.NextDateTest" time="0.0"/>
  <testcase name="nextDateTest3(Integer, Integer, Integer, Integer, String)[176]" classname="com.example.zyx.demo.Test.NextDateTest" time="0.0"/>
  <testcase name="nextDateTest3(Integer, Integer, Integer, Integer, String)[177]" classname="com.example.zyx.demo.Test.NextDateTest" time="0.001"/>
  <testcase name="nextDateTest3(Integer, Integer, Integer, Integer, String)[178]" classname="com.example.zyx.demo.Test.NextDateTest" time="0.0"/>
  <testcase name="nextDateTest3(Integer, Integer, Integer, Integer, String)[179]" classname="com.example.zyx.demo.Test.NextDateTest" time="0.0"/>
  <testcase name="nextDateTest3(Integer, Integer, Integer, Integer, String)[180]" classname="com.example.zyx.demo.Test.NextDateTest" time="0.0"/>
  <testcase name="nextDateTest3(Integer, Integer, Integer, Integer, String)[181]" classname="com.example.zyx.demo.Test.NextDateTest" time="0.0"/>
  <testcase name="nextDateTest3(Integer, Integer, Integer, Integer, String)[182]" classname="com.example.zyx.demo.Test.NextDateTest" time="0.0"/>
  <testcase name="nextDateTest3(Integer, Integer, Integer, Integer, String)[183]" classname="com.example.zyx.demo.Test.NextDateTest" time="0.0"/>
  <testcase name="nextDateTest3(Integer, Integer, Integer, Integer, String)[184]" classname="com.example.zyx.demo.Test.NextDateTest" time="0.0"/>
  <testcase name="nextDateTest3(Integer, Integer, Integer, Integer, String)[185]" classname="com.example.zyx.demo.Test.NextDateTest" time="0.0"/>
  <testcase name="nextDateTest3(Integer, Integer, Integer, Integer, String)[186]" classname="com.example.zyx.demo.Test.NextDateTest" time="0.001"/>
  <testcase name="nextDateTest3(Integer, Integer, Integer, Integer, String)[187]" classname="com.example.zyx.demo.Test.NextDateTest" time="0.0"/>
  <testcase name="nextDateTest3(Integer, Integer, Integer, Integer, String)[188]" classname="com.example.zyx.demo.Test.NextDateTest" time="0.0"/>
  <testcase name="nextDateTest3(Integer, Integer, Integer, Integer, String)[189]" classname="com.example.zyx.demo.Test.NextDateTest" time="0.0"/>
  <testcase name="nextDateTest3(Integer, Integer, Integer, Integer, String)[190]" classname="com.example.zyx.demo.Test.NextDateTest" time="0.0"/>
  <testcase name="nextDateTest3(Integer, Integer, Integer, Integer, String)[191]" classname="com.example.zyx.demo.Test.NextDateTest" time="0.0"/>
  <testcase name="nextDateTest3(Integer, Integer, Integer, Integer, String)[192]" classname="com.example.zyx.demo.Test.NextDateTest" time="0.0"/>
  <testcase name="nextDateTest3(Integer, Integer, Integer, Integer, String)[193]" classname="com.example.zyx.demo.Test.NextDateTest" time="0.0"/>
  <testcase name="nextDateTest3(Integer, Integer, Integer, Integer, String)[194]" classname="com.example.zyx.demo.Test.NextDateTest" time="0.0"/>
  <testcase name="nextDateTest3(Integer, Integer, Integer, Integer, String)[195]" classname="com.example.zyx.demo.Test.NextDateTest" time="0.001"/>
  <testcase name="nextDateTest3(Integer, Integer, Integer, Integer, String)[196]" classname="com.example.zyx.demo.Test.NextDateTest" time="0.0"/>
  <testcase name="nextDateTest3(Integer, Integer, Integer, Integer, String)[197]" classname="com.example.zyx.demo.Test.NextDateTest" time="0.001"/>
  <testcase name="nextDateTest3(Integer, Integer, Integer, Integer, String)[198]" classname="com.example.zyx.demo.Test.NextDateTest" time="0.0"/>
  <testcase name="nextDateTest3(Integer, Integer, Integer, Integer, String)[199]" classname="com.example.zyx.demo.Test.NextDateTest" time="0.0"/>
  <testcase name="nextDateTest3(Integer, Integer, Integer, Integer, String)[200]" classname="com.example.zyx.demo.Test.NextDateTest" time="0.001"/>
  <testcase name="nextDateTest4(Integer, Integer, Integer, Integer, String)[1]" classname="com.example.zyx.demo.Test.NextDateTest" time="0.0"/>
  <testcase name="nextDateTest4(Integer, Integer, Integer, Integer, String)[2]" classname="com.example.zyx.demo.Test.NextDateTest" time="0.0"/>
  <testcase name="nextDateTest4(Integer, Integer, Integer, Integer, String)[3]" classname="com.example.zyx.demo.Test.NextDateTest" time="0.0"/>
  <testcase name="nextDateTest4(Integer, Integer, Integer, Integer, String)[4]" classname="com.example.zyx.demo.Test.NextDateTest" time="0.001"/>
  <testcase name="nextDateTest4(Integer, Integer, Integer, Integer, String)[5]" classname="com.example.zyx.demo.Test.NextDateTest" time="0.0"/>
  <testcase name="nextDateTest4(Integer, Integer, Integer, Integer, String)[6]" classname="com.example.zyx.demo.Test.NextDateTest" time="0.0"/>
  <testcase name="nextDateTest4(Integer, Integer, Integer, Integer, String)[7]" classname="com.example.zyx.demo.Test.NextDateTest" time="0.0"/>
  <testcase name="nextDateTest4(Integer, Integer, Integer, Integer, String)[8]" classname="com.example.zyx.demo.Test.NextDateTest" time="0.001"/>
  <testcase name="nextDateTest4(Integer, Integer, Integer, Integer, String)[9]" classname="com.example.zyx.demo.Test.NextDateTest" time="0.0"/>
  <testcase name="nextDateTest4(Integer, Integer, Integer, Integer, String)[10]" classname="com.example.zyx.demo.Test.NextDateTest" time="0.0"/>
  <testcase name="nextDateTest4(Integer, Integer, Integer, Integer, String)[11]" classname="com.example.zyx.demo.Test.NextDateTest" time="0.001"/>
  <testcase name="nextDateTest4(Integer, Integer, Integer, Integer, String)[12]" classname="com.example.zyx.demo.Test.NextDateTest" time="0.0"/>
  <testcase name="nextDateTest4(Integer, Integer, Integer, Integer, String)[13]" classname="com.example.zyx.demo.Test.NextDateTest" time="0.0"/>
  <testcase name="nextDateTest4(Integer, Integer, Integer, Integer, String)[14]" classname="com.example.zyx.demo.Test.NextDateTest" time="0.0"/>
  <testcase name="nextDateTest4(Integer, Integer, Integer, Integer, String)[15]" classname="com.example.zyx.demo.Test.NextDateTest" time="0.0"/>
  <testcase name="nextDateTest4(Integer, Integer, Integer, Integer, String)[16]" classname="com.example.zyx.demo.Test.NextDateTest" time="0.0"/>
  <testcase name="nextDateTest4(Integer, Integer, Integer, Integer, String)[17]" classname="com.example.zyx.demo.Test.NextDateTest" time="0.0"/>
  <testcase name="nextDateTest4(Integer, Integer, Integer, Integer, String)[18]" classname="com.example.zyx.demo.Test.NextDateTest" time="0.0"/>
  <testcase name="nextDateTest4(Integer, Integer, Integer, Integer, String)[19]" classname="com.example.zyx.demo.Test.NextDateTest" time="0.0"/>
  <testcase name="nextDateTest4(Integer, Integer, Integer, Integer, String)[20]" classname="com.example.zyx.demo.Test.NextDateTest" time="0.001"/>
  <testcase name="nextDateTest4(Integer, Integer, Integer, Integer, String)[21]" classname="com.example.zyx.demo.Test.NextDateTest" time="0.0"/>
  <testcase name="nextDateTest4(Integer, Integer, Integer, Integer, String)[22]" classname="com.example.zyx.demo.Test.NextDateTest" time="0.001"/>
  <testcase name="nextDateTest4(Integer, Integer, Integer, Integer, String)[23]" classname="com.example.zyx.demo.Test.NextDateTest" time="0.0"/>
  <testcase name="nextDateTest4(Integer, Integer, Integer, Integer, String)[24]" classname="com.example.zyx.demo.Test.NextDateTest" time="0.0"/>
  <testcase name="nextDateTest4(Integer, Integer, Integer, Integer, String)[25]" classname="com.example.zyx.demo.Test.NextDateTest" time="0.0"/>
  <testcase name="nextDateTest4(Integer, Integer, Integer, Integer, String)[26]" classname="com.example.zyx.demo.Test.NextDateTest" time="0.0"/>
  <testcase name="nextDateTest4(Integer, Integer, Integer, Integer, String)[27]" classname="com.example.zyx.demo.Test.NextDateTest" time="0.0"/>
  <testcase name="nextDateTest4(Integer, Integer, Integer, Integer, String)[28]" classname="com.example.zyx.demo.Test.NextDateTest" time="0.0"/>
  <testcase name="nextDateTest4(Integer, Integer, Integer, Integer, String)[29]" classname="com.example.zyx.demo.Test.NextDateTest" time="0.0"/>
  <testcase name="nextDateTest4(Integer, Integer, Integer, Integer, String)[30]" classname="com.example.zyx.demo.Test.NextDateTest" time="0.0"/>
  <testcase name="nextDateTest4(Integer, Integer, Integer, Integer, String)[31]" classname="com.example.zyx.demo.Test.NextDateTest" time="0.0"/>
  <testcase name="nextDateTest4(Integer, Integer, Integer, Integer, String)[32]" classname="com.example.zyx.demo.Test.NextDateTest" time="0.0"/>
  <testcase name="nextDateTest4(Integer, Integer, Integer, Integer, String)[33]" classname="com.example.zyx.demo.Test.NextDateTest" time="0.0"/>
  <testcase name="nextDateTest4(Integer, Integer, Integer, Integer, String)[34]" classname="com.example.zyx.demo.Test.NextDateTest" time="0.0"/>
  <testcase name="nextDateTest4(Integer, Integer, Integer, Integer, String)[35]" classname="com.example.zyx.demo.Test.NextDateTest" time="0.0"/>
  <testcase name="nextDateTest4(Integer, Integer, Integer, Integer, String)[36]" classname="com.example.zyx.demo.Test.NextDateTest" time="0.001"/>
  <testcase name="nextDateTest4(Integer, Integer, Integer, Integer, String)[37]" classname="com.example.zyx.demo.Test.NextDateTest" time="0.0"/>
  <testcase name="nextDateTest4(Integer, Integer, Integer, Integer, String)[38]" classname="com.example.zyx.demo.Test.NextDateTest" time="0.0"/>
  <testcase name="nextDateTest4(Integer, Integer, Integer, Integer, String)[39]" classname="com.example.zyx.demo.Test.NextDateTest" time="0.0"/>
  <testcase name="nextDateTest4(Integer, Integer, Integer, Integer, String)[40]" classname="com.example.zyx.demo.Test.NextDateTest" time="0.0"/>
  <testcase name="nextDateTest4(Integer, Integer, Integer, Integer, String)[41]" classname="com.example.zyx.demo.Test.NextDateTest" time="0.001"/>
  <testcase name="nextDateTest4(Integer, Integer, Integer, Integer, String)[42]" classname="com.example.zyx.demo.Test.NextDateTest" time="0.0"/>
  <testcase name="nextDateTest4(Integer, Integer, Integer, Integer, String)[43]" classname="com.example.zyx.demo.Test.NextDateTest" time="0.0"/>
  <testcase name="nextDateTest4(Integer, Integer, Integer, Integer, String)[44]" classname="com.example.zyx.demo.Test.NextDateTest" time="0.0"/>
  <testcase name="nextDateTest4(Integer, Integer, Integer, Integer, String)[45]" classname="com.example.zyx.demo.Test.NextDateTest" time="0.001"/>
  <testcase name="nextDateTest4(Integer, Integer, Integer, Integer, String)[46]" classname="com.example.zyx.demo.Test.NextDateTest" time="0.0"/>
  <testcase name="nextDateTest4(Integer, Integer, Integer, Integer, String)[47]" classname="com.example.zyx.demo.Test.NextDateTest" time="0.0"/>
  <testcase name="nextDateTest4(Integer, Integer, Integer, Integer, String)[48]" classname="com.example.zyx.demo.Test.NextDateTest" time="0.001"/>
  <testcase name="nextDateTest4(Integer, Integer, Integer, Integer, String)[49]" classname="com.example.zyx.demo.Test.NextDateTest" time="0.0"/>
  <testcase name="nextDateTest4(Integer, Integer, Integer, Integer, String)[50]" classname="com.example.zyx.demo.Test.NextDateTest" time="0.0"/>
  <testcase name="nextDateTest4(Integer, Integer, Integer, Integer, String)[51]" classname="com.example.zyx.demo.Test.NextDateTest" time="0.001"/>
  <testcase name="nextDateTest4(Integer, Integer, Integer, Integer, String)[52]" classname="com.example.zyx.demo.Test.NextDateTest" time="0.0"/>
  <testcase name="nextDateTest4(Integer, Integer, Integer, Integer, String)[53]" classname="com.example.zyx.demo.Test.NextDateTest" time="0.0"/>
  <testcase name="nextDateTest4(Integer, Integer, Integer, Integer, String)[54]" classname="com.example.zyx.demo.Test.NextDateTest" time="0.0"/>
  <testcase name="nextDateTest4(Integer, Integer, Integer, Integer, String)[55]" classname="com.example.zyx.demo.Test.NextDateTest" time="0.0"/>
  <testcase name="nextDateTest4(Integer, Integer, Integer, Integer, String)[56]" classname="com.example.zyx.demo.Test.NextDateTest" time="0.0"/>
  <testcase name="nextDateTest4(Integer, Integer, Integer, Integer, String)[57]" classname="com.example.zyx.demo.Test.NextDateTest" time="0.0"/>
  <testcase name="nextDateTest4(Integer, Integer, Integer, Integer, String)[58]" classname="com.example.zyx.demo.Test.NextDateTest" time="0.0"/>
  <testcase name="nextDateTest4(Integer, Integer, Integer, Integer, String)[59]" classname="com.example.zyx.demo.Test.NextDateTest" time="0.001"/>
  <testcase name="nextDateTest4(Integer, Integer, Integer, Integer, String)[60]" classname="com.example.zyx.demo.Test.NextDateTest" time="0.0"/>
  <testcase name="nextDateTest4(Integer, Integer, Integer, Integer, String)[61]" classname="com.example.zyx.demo.Test.NextDateTest" time="0.0"/>
  <testcase name="nextDateTest4(Integer, Integer, Integer, Integer, String)[62]" classname="com.example.zyx.demo.Test.NextDateTest" time="0.0"/>
  <testcase name="nextDateTest4(Integer, Integer, Integer, Integer, String)[63]" classname="com.example.zyx.demo.Test.NextDateTest" time="0.0"/>
  <testcase name="nextDateTest4(Integer, Integer, Integer, Integer, String)[64]" classname="com.example.zyx.demo.Test.NextDateTest" time="0.0"/>
  <testcase name="nextDateTest4(Integer, Integer, Integer, Integer, String)[65]" classname="com.example.zyx.demo.Test.NextDateTest" time="0.0"/>
  <testcase name="nextDateTest4(Integer, Integer, Integer, Integer, String)[66]" classname="com.example.zyx.demo.Test.NextDateTest" time="0.0"/>
  <testcase name="nextDateTest4(Integer, Integer, Integer, Integer, String)[67]" classname="com.example.zyx.demo.Test.NextDateTest" time="0.001"/>
  <testcase name="nextDateTest4(Integer, Integer, Integer, Integer, String)[68]" classname="com.example.zyx.demo.Test.NextDateTest" time="0.0"/>
  <testcase name="nextDateTest4(Integer, Integer, Integer, Integer, String)[69]" classname="com.example.zyx.demo.Test.NextDateTest" time="0.0"/>
  <testcase name="nextDateTest4(Integer, Integer, Integer, Integer, String)[70]" classname="com.example.zyx.demo.Test.NextDateTest" time="0.0"/>
  <testcase name="nextDateTest4(Integer, Integer, Integer, Integer, String)[71]" classname="com.example.zyx.demo.Test.NextDateTest" time="0.0"/>
  <testcase name="nextDateTest4(Integer, Integer, Integer, Integer, String)[72]" classname="com.example.zyx.demo.Test.NextDateTest" time="0.0"/>
  <testcase name="nextDateTest4(Integer, Integer, Integer, Integer, String)[73]" classname="com.example.zyx.demo.Test.NextDateTest" time="0.0"/>
  <testcase name="nextDateTest4(Integer, Integer, Integer, Integer, String)[74]" classname="com.example.zyx.demo.Test.NextDateTest" time="0.001"/>
  <testcase name="nextDateTest4(Integer, Integer, Integer, Integer, String)[75]" classname="com.example.zyx.demo.Test.NextDateTest" time="0.0"/>
  <testcase name="nextDateTest4(Integer, Integer, Integer, Integer, String)[76]" classname="com.example.zyx.demo.Test.NextDateTest" time="0.001"/>
  <testcase name="nextDateTest4(Integer, Integer, Integer, Integer, String)[77]" classname="com.example.zyx.demo.Test.NextDateTest" time="0.0"/>
  <testcase name="nextDateTest4(Integer, Integer, Integer, Integer, String)[78]" classname="com.example.zyx.demo.Test.NextDateTest" time="0.001"/>
  <testcase name="nextDateTest4(Integer, Integer, Integer, Integer, String)[79]" classname="com.example.zyx.demo.Test.NextDateTest" time="0.0"/>
  <testcase name="nextDateTest4(Integer, Integer, Integer, Integer, String)[80]" classname="com.example.zyx.demo.Test.NextDateTest" time="0.0"/>
  <testcase name="nextDateTest4(Integer, Integer, Integer, Integer, String)[81]" classname="com.example.zyx.demo.Test.NextDateTest" time="0.0"/>
  <testcase name="nextDateTest4(Integer, Integer, Integer, Integer, String)[82]" classname="com.example.zyx.demo.Test.NextDateTest" time="0.0"/>
  <testcase name="nextDateTest4(Integer, Integer, Integer, Integer, String)[83]" classname="com.example.zyx.demo.Test.NextDateTest" time="0.001"/>
  <testcase name="nextDateTest4(Integer, Integer, Integer, Integer, String)[84]" classname="com.example.zyx.demo.Test.NextDateTest" time="0.0"/>
  <testcase name="nextDateTest4(Integer, Integer, Integer, Integer, String)[85]" classname="com.example.zyx.demo.Test.NextDateTest" time="0.0"/>
  <testcase name="nextDateTest4(Integer, Integer, Integer, Integer, String)[86]" classname="com.example.zyx.demo.Test.NextDateTest" time="0.0"/>
  <testcase name="nextDateTest4(Integer, Integer, Integer, Integer, String)[87]" classname="com.example.zyx.demo.Test.NextDateTest" time="0.0"/>
  <testcase name="nextDateTest4(Integer, Integer, Integer, Integer, String)[88]" classname="com.example.zyx.demo.Test.NextDateTest" time="0.0"/>
  <testcase name="nextDateTest4(Integer, Integer, Integer, Integer, String)[89]" classname="com.example.zyx.demo.Test.NextDateTest" time="0.0"/>
  <testcase name="nextDateTest4(Integer, Integer, Integer, Integer, String)[90]" classname="com.example.zyx.demo.Test.NextDateTest" time="0.0"/>
  <testcase name="nextDateTest4(Integer, Integer, Integer, Integer, String)[91]" classname="com.example.zyx.demo.Test.NextDateTest" time="0.0"/>
  <testcase name="nextDateTest4(Integer, Integer, Integer, Integer, String)[92]" classname="com.example.zyx.demo.Test.NextDateTest" time="0.0"/>
  <testcase name="nextDateTest4(Integer, Integer, Integer, Integer, String)[93]" classname="com.example.zyx.demo.Test.NextDateTest" time="0.001"/>
  <testcase name="nextDateTest4(Integer, Integer, Integer, Integer, String)[94]" classname="com.example.zyx.demo.Test.NextDateTest" time="0.0"/>
  <testcase name="nextDateTest4(Integer, Integer, Integer, Integer, String)[95]" classname="com.example.zyx.demo.Test.NextDateTest" time="0.0"/>
  <testcase name="nextDateTest4(Integer, Integer, Integer, Integer, String)[96]" classname="com.example.zyx.demo.Test.NextDateTest" time="0.001"/>
  <testcase name="nextDateTest4(Integer, Integer, Integer, Integer, String)[97]" classname="com.example.zyx.demo.Test.NextDateTest" time="0.0"/>
  <testcase name="nextDateTest4(Integer, Integer, Integer, Integer, String)[98]" classname="com.example.zyx.demo.Test.NextDateTest" time="0.0"/>
  <testcase name="nextDateTest4(Integer, Integer, Integer, Integer, String)[99]" classname="com.example.zyx.demo.Test.NextDateTest" time="0.0"/>
  <testcase name="nextDateTest4(Integer, Integer, Integer, Integer, String)[100]" classname="com.example.zyx.demo.Test.NextDateTest" time="0.0"/>
  <testcase name="nextDateTest4(Integer, Integer, Integer, Integer, String)[101]" classname="com.example.zyx.demo.Test.NextDateTest" time="0.0"/>
  <testcase name="nextDateTest4(Integer, Integer, Integer, Integer, String)[102]" classname="com.example.zyx.demo.Test.NextDateTest" time="0.0"/>
  <testcase name="nextDateTest4(Integer, Integer, Integer, Integer, String)[103]" classname="com.example.zyx.demo.Test.NextDateTest" time="0.0"/>
  <testcase name="nextDateTest4(Integer, Integer, Integer, Integer, String)[104]" classname="com.example.zyx.demo.Test.NextDateTest" time="0.0"/>
  <testcase name="nextDateTest4(Integer, Integer, Integer, Integer, String)[105]" classname="com.example.zyx.demo.Test.NextDateTest" time="0.0"/>
  <testcase name="nextDateTest4(Integer, Integer, Integer, Integer, String)[106]" classname="com.example.zyx.demo.Test.NextDateTest" time="0.0"/>
  <testcase name="nextDateTest4(Integer, Integer, Integer, Integer, String)[107]" classname="com.example.zyx.demo.Test.NextDateTest" time="0.0"/>
  <testcase name="nextDateTest4(Integer, Integer, Integer, Integer, String)[108]" classname="com.example.zyx.demo.Test.NextDateTest" time="0.0"/>
  <testcase name="nextDateTest4(Integer, Integer, Integer, Integer, String)[109]" classname="com.example.zyx.demo.Test.NextDateTest" time="0.0"/>
  <testcase name="nextDateTest4(Integer, Integer, Integer, Integer, String)[110]" classname="com.example.zyx.demo.Test.NextDateTest" time="0.0"/>
  <testcase name="nextDateTest4(Integer, Integer, Integer, Integer, String)[111]" classname="com.example.zyx.demo.Test.NextDateTest" time="0.0"/>
  <testcase name="nextDateTest4(Integer, Integer, Integer, Integer, String)[112]" classname="com.example.zyx.demo.Test.NextDateTest" time="0.0"/>
  <testcase name="nextDateTest4(Integer, Integer, Integer, Integer, String)[113]" classname="com.example.zyx.demo.Test.NextDateTest" time="0.001"/>
  <testcase name="nextDateTest4(Integer, Integer, Integer, Integer, String)[114]" classname="com.example.zyx.demo.Test.NextDateTest" time="0.0"/>
  <testcase name="nextDateTest4(Integer, Integer, Integer, Integer, String)[115]" classname="com.example.zyx.demo.Test.NextDateTest" time="0.0"/>
  <testcase name="nextDateTest4(Integer, Integer, Integer, Integer, String)[116]" classname="com.example.zyx.demo.Test.NextDateTest" time="0.0"/>
  <testcase name="nextDateTest4(Integer, Integer, Integer, Integer, String)[117]" classname="com.example.zyx.demo.Test.NextDateTest" time="0.0"/>
  <testcase name="nextDateTest4(Integer, Integer, Integer, Integer, String)[118]" classname="com.example.zyx.demo.Test.NextDateTest" time="0.0"/>
  <testcase name="nextDateTest4(Integer, Integer, Integer, Integer, String)[119]" classname="com.example.zyx.demo.Test.NextDateTest" time="0.0"/>
  <testcase name="nextDateTest4(Integer, Integer, Integer, Integer, String)[120]" classname="com.example.zyx.demo.Test.NextDateTest" time="0.0"/>
  <testcase name="nextDateTest4(Integer, Integer, Integer, Integer, String)[121]" classname="com.example.zyx.demo.Test.NextDateTest" time="0.0"/>
  <testcase name="nextDateTest4(Integer, Integer, Integer, Integer, String)[122]" classname="com.example.zyx.demo.Test.NextDateTest" time="0.001"/>
  <testcase name="nextDateTest4(Integer, Integer, Integer, Integer, String)[123]" classname="com.example.zyx.demo.Test.NextDateTest" time="0.0"/>
  <testcase name="nextDateTest4(Integer, Integer, Integer, Integer, String)[124]" classname="com.example.zyx.demo.Test.NextDateTest" time="0.0"/>
  <testcase name="nextDateTest4(Integer, Integer, Integer, Integer, String)[125]" classname="com.example.zyx.demo.Test.NextDateTest" time="0.0"/>
  <testcase name="nextDateTest4(Integer, Integer, Integer, Integer, String)[126]" classname="com.example.zyx.demo.Test.NextDateTest" time="0.0"/>
  <testcase name="nextDateTest4(Integer, Integer, Integer, Integer, String)[127]" classname="com.example.zyx.demo.Test.NextDateTest" time="0.0"/>
  <testcase name="nextDateTest4(Integer, Integer, Integer, Integer, String)[128]" classname="com.example.zyx.demo.Test.NextDateTest" time="0.0"/>
  <testcase name="nextDateTest4(Integer, Integer, Integer, Integer, String)[129]" classname="com.example.zyx.demo.Test.NextDateTest" time="0.0"/>
  <testcase name="nextDateTest4(Integer, Integer, Integer, Integer, String)[130]" classname="com.example.zyx.demo.Test.NextDateTest" time="0.001"/>
  <testcase name="nextDateTest4(Integer, Integer, Integer, Integer, String)[131]" classname="com.example.zyx.demo.Test.NextDateTest" time="0.0"/>
  <testcase name="nextDateTest4(Integer, Integer, Integer, Integer, String)[132]" classname="com.example.zyx.demo.Test.NextDateTest" time="0.0"/>
  <testcase name="nextDateTest4(Integer, Integer, Integer, Integer, String)[133]" classname="com.example.zyx.demo.Test.NextDateTest" time="0.0"/>
  <testcase name="nextDateTest4(Integer, Integer, Integer, Integer, String)[134]" classname="com.example.zyx.demo.Test.NextDateTest" time="0.0"/>
  <testcase name="nextDateTest4(Integer, Integer, Integer, Integer, String)[135]" classname="com.example.zyx.demo.Test.NextDateTest" time="0.0"/>
  <testcase name="nextDateTest4(Integer, Integer, Integer, Integer, String)[136]" classname="com.example.zyx.demo.Test.NextDateTest" time="0.0"/>
  <testcase name="nextDateTest4(Integer, Integer, Integer, Integer, String)[137]" classname="com.example.zyx.demo.Test.NextDateTest" time="0.0"/>
  <testcase name="nextDateTest4(Integer, Integer, Integer, Integer, String)[138]" classname="com.example.zyx.demo.Test.NextDateTest" time="0.0"/>
  <testcase name="nextDateTest4(Integer, Integer, Integer, Integer, String)[139]" classname="com.example.zyx.demo.Test.NextDateTest" time="0.0"/>
  <testcase name="nextDateTest4(Integer, Integer, Integer, Integer, String)[140]" classname="com.example.zyx.demo.Test.NextDateTest" time="0.0"/>
  <testcase name="nextDateTest4(Integer, Integer, Integer, Integer, String)[141]" classname="com.example.zyx.demo.Test.NextDateTest" time="0.001"/>
  <testcase name="nextDateTest4(Integer, Integer, Integer, Integer, String)[142]" classname="com.example.zyx.demo.Test.NextDateTest" time="0.0"/>
  <testcase name="nextDateTest4(Integer, Integer, Integer, Integer, String)[143]" classname="com.example.zyx.demo.Test.NextDateTest" time="0.0"/>
  <testcase name="nextDateTest4(Integer, Integer, Integer, Integer, String)[144]" classname="com.example.zyx.demo.Test.NextDateTest" time="0.0"/>
  <testcase name="nextDateTest4(Integer, Integer, Integer, Integer, String)[145]" classname="com.example.zyx.demo.Test.NextDateTest" time="0.0"/>
  <testcase name="nextDateTest4(Integer, Integer, Integer, Integer, String)[146]" classname="com.example.zyx.demo.Test.NextDateTest" time="0.0"/>
  <testcase name="nextDateTest4(Integer, Integer, Integer, Integer, String)[147]" classname="com.example.zyx.demo.Test.NextDateTest" time="0.0"/>
  <testcase name="nextDateTest4(Integer, Integer, Integer, Integer, String)[148]" classname="com.example.zyx.demo.Test.NextDateTest" time="0.0"/>
  <testcase name="nextDateTest4(Integer, Integer, Integer, Integer, String)[149]" classname="com.example.zyx.demo.Test.NextDateTest" time="0.001"/>
  <testcase name="nextDateTest4(Integer, Integer, Integer, Integer, String)[150]" classname="com.example.zyx.demo.Test.NextDateTest" time="0.0"/>
  <testcase name="nextDateTest4(Integer, Integer, Integer, Integer, String)[151]" classname="com.example.zyx.demo.Test.NextDateTest" time="0.0"/>
  <testcase name="nextDateTest4(Integer, Integer, Integer, Integer, String)[152]" classname="com.example.zyx.demo.Test.NextDateTest" time="0.0"/>
  <testcase name="nextDateTest4(Integer, Integer, Integer, Integer, String)[153]" classname="com.example.zyx.demo.Test.NextDateTest" time="0.0"/>
  <testcase name="nextDateTest4(Integer, Integer, Integer, Integer, String)[154]" classname="com.example.zyx.demo.Test.NextDateTest" time="0.001"/>
  <testcase name="nextDateTest4(Integer, Integer, Integer, Integer, String)[155]" classname="com.example.zyx.demo.Test.NextDateTest" time="0.0"/>
  <testcase name="nextDateTest4(Integer, Integer, Integer, Integer, String)[156]" classname="com.example.zyx.demo.Test.NextDateTest" time="0.0"/>
  <testcase name="nextDateTest4(Integer, Integer, Integer, Integer, String)[157]" classname="com.example.zyx.demo.Test.NextDateTest" time="0.0"/>
  <testcase name="nextDateTest4(Integer, Integer, Integer, Integer, String)[158]" classname="com.example.zyx.demo.Test.NextDateTest" time="0.001"/>
  <testcase name="nextDateTest4(Integer, Integer, Integer, Integer, String)[159]" classname="com.example.zyx.demo.Test.NextDateTest" time="0.0"/>
  <testcase name="nextDateTest4(Integer, Integer, Integer, Integer, String)[160]" classname="com.example.zyx.demo.Test.NextDateTest" time="0.0"/>
  <testcase name="nextDateTest4(Integer, Integer, Integer, Integer, String)[161]" classname="com.example.zyx.demo.Test.NextDateTest" time="0.0"/>
  <testcase name="nextDateTest4(Integer, Integer, Integer, Integer, String)[162]" classname="com.example.zyx.demo.Test.NextDateTest" time="0.0"/>
  <testcase name="nextDateTest4(Integer, Integer, Integer, Integer, String)[163]" classname="com.example.zyx.demo.Test.NextDateTest" time="0.001"/>
  <testcase name="nextDateTest4(Integer, Integer, Integer, Integer, String)[164]" classname="com.example.zyx.demo.Test.NextDateTest" time="0.0"/>
  <testcase name="nextDateTest4(Integer, Integer, Integer, Integer, String)[165]" classname="com.example.zyx.demo.Test.NextDateTest" time="0.0"/>
  <testcase name="nextDateTest4(Integer, Integer, Integer, Integer, String)[166]" classname="com.example.zyx.demo.Test.NextDateTest" time="0.0"/>
  <testcase name="nextDateTest4(Integer, Integer, Integer, Integer, String)[167]" classname="com.example.zyx.demo.Test.NextDateTest" time="0.0"/>
  <testcase name="nextDateTest4(Integer, Integer, Integer, Integer, String)[168]" classname="com.example.zyx.demo.Test.NextDateTest" time="0.0"/>
  <testcase name="nextDateTest4(Integer, Integer, Integer, Integer, String)[169]" classname="com.example.zyx.demo.Test.NextDateTest" time="0.0"/>
  <testcase name="nextDateTest4(Integer, Integer, Integer, Integer, String)[170]" classname="com.example.zyx.demo.Test.NextDateTest" time="0.0"/>
  <testcase name="nextDateTest4(Integer, Integer, Integer, Integer, String)[171]" classname="com.example.zyx.demo.Test.NextDateTest" time="0.0"/>
  <testcase name="nextDateTest4(Integer, Integer, Integer, Integer, String)[172]" classname="com.example.zyx.demo.Test.NextDateTest" time="0.001"/>
  <testcase name="nextDateTest4(Integer, Integer, Integer, Integer, String)[173]" classname="com.example.zyx.demo.Test.NextDateTest" time="0.0"/>
  <testcase name="nextDateTest4(Integer, Integer, Integer, Integer, String)[174]" classname="com.example.zyx.demo.Test.NextDateTest" time="0.0"/>
  <testcase name="nextDateTest4(Integer, Integer, Integer, Integer, String)[175]" classname="com.example.zyx.demo.Test.NextDateTest" time="0.001"/>
  <testcase name="nextDateTest4(Integer, Integer, Integer, Integer, String)[176]" classname="com.example.zyx.demo.Test.NextDateTest" time="0.0"/>
  <testcase name="nextDateTest4(Integer, Integer, Integer, Integer, String)[177]" classname="com.example.zyx.demo.Test.NextDateTest" time="0.0"/>
  <testcase name="nextDateTest4(Integer, Integer, Integer, Integer, String)[178]" classname="com.example.zyx.demo.Test.NextDateTest" time="0.0"/>
  <testcase name="nextDateTest4(Integer, Integer, Integer, Integer, String)[179]" classname="com.example.zyx.demo.Test.NextDateTest" time="0.0"/>
  <testcase name="nextDateTest4(Integer, Integer, Integer, Integer, String)[180]" classname="com.example.zyx.demo.Test.NextDateTest" time="0.0"/>
  <testcase name="nextDateTest4(Integer, Integer, Integer, Integer, String)[181]" classname="com.example.zyx.demo.Test.NextDateTest" time="0.001"/>
  <testcase name="nextDateTest4(Integer, Integer, Integer, Integer, String)[182]" classname="com.example.zyx.demo.Test.NextDateTest" time="0.0"/>
  <testcase name="nextDateTest4(Integer, Integer, Integer, Integer, String)[183]" classname="com.example.zyx.demo.Test.NextDateTest" time="0.0"/>
  <testcase name="nextDateTest4(Integer, Integer, Integer, Integer, String)[184]" classname="com.example.zyx.demo.Test.NextDateTest" time="0.001"/>
  <testcase name="nextDateTest4(Integer, Integer, Integer, Integer, String)[185]" classname="com.example.zyx.demo.Test.NextDateTest" time="0.0"/>
  <testcase name="nextDateTest4(Integer, Integer, Integer, Integer, String)[186]" classname="com.example.zyx.demo.Test.NextDateTest" time="0.0"/>
  <testcase name="nextDateTest4(Integer, Integer, Integer, Integer, String)[187]" classname="com.example.zyx.demo.Test.NextDateTest" time="0.0"/>
  <testcase name="nextDateTest4(Integer, Integer, Integer, Integer, String)[188]" classname="com.example.zyx.demo.Test.NextDateTest" time="0.0"/>
  <testcase name="nextDateTest4(Integer, Integer, Integer, Integer, String)[189]" classname="com.example.zyx.demo.Test.NextDateTest" time="0.0"/>
  <testcase name="nextDateTest4(Integer, Integer, Integer, Integer, String)[190]" classname="com.example.zyx.demo.Test.NextDateTest" time="0.0"/>
  <testcase name="nextDateTest4(Integer, Integer, Integer, Integer, String)[191]" classname="com.example.zyx.demo.Test.NextDateTest" time="0.0"/>
  <testcase name="nextDateTest4(Integer, Integer, Integer, Integer, String)[192]" classname="com.example.zyx.demo.Test.NextDateTest" time="0.0"/>
  <testcase name="nextDateTest4(Integer, Integer, Integer, Integer, String)[193]" classname="com.example.zyx.demo.Test.NextDateTest" time="0.0"/>
  <testcase name="nextDateTest4(Integer, Integer, Integer, Integer, String)[194]" classname="com.example.zyx.demo.Test.NextDateTest" time="0.0"/>
  <testcase name="nextDateTest4(Integer, Integer, Integer, Integer, String)[195]" classname="com.example.zyx.demo.Test.NextDateTest" time="0.0"/>
  <testcase name="nextDateTest4(Integer, Integer, Integer, Integer, String)[196]" classname="com.example.zyx.demo.Test.NextDateTest" time="0.001"/>
  <testcase name="nextDateTest4(Integer, Integer, Integer, Integer, String)[197]" classname="com.example.zyx.demo.Test.NextDateTest" time="0.0"/>
  <testcase name="nextDateTest4(Integer, Integer, Integer, Integer, String)[198]" classname="com.example.zyx.demo.Test.NextDateTest" time="0.001"/>
  <testcase name="nextDateTest4(Integer, Integer, Integer, Integer, String)[199]" classname="com.example.zyx.demo.Test.NextDateTest" time="0.0"/>
  <testcase name="nextDateTest4(Integer, Integer, Integer, Integer, String)[200]" classname="com.example.zyx.demo.Test.NextDateTest" time="0.0"/>
  <testcase name="nextDateTest4(Integer, Integer, Integer, Integer, String)[201]" classname="com.example.zyx.demo.Test.NextDateTest" time="0.0"/>
  <testcase name="nextDateTest4(Integer, Integer, Integer, Integer, String)[202]" classname="com.example.zyx.demo.Test.NextDateTest" time="0.0"/>
  <testcase name="nextDateTest4(Integer, Integer, Integer, Integer, String)[203]" classname="com.example.zyx.demo.Test.NextDateTest" time="0.0"/>
  <testcase name="nextDateTest4(Integer, Integer, Integer, Integer, String)[204]" classname="com.example.zyx.demo.Test.NextDateTest" time="0.0"/>
  <testcase name="nextDateTest4(Integer, Integer, Integer, Integer, String)[205]" classname="com.example.zyx.demo.Test.NextDateTest" time="0.0"/>
  <testcase name="nextDateTest4(Integer, Integer, Integer, Integer, String)[206]" classname="com.example.zyx.demo.Test.NextDateTest" time="0.0"/>
  <testcase name="nextDateTest4(Integer, Integer, Integer, Integer, String)[207]" classname="com.example.zyx.demo.Test.NextDateTest" time="0.0"/>
  <testcase name="nextDateTest4(Integer, Integer, Integer, Integer, String)[208]" classname="com.example.zyx.demo.Test.NextDateTest" time="0.0"/>
  <testcase name="nextDateTest4(Integer, Integer, Integer, Integer, String)[209]" classname="com.example.zyx.demo.Test.NextDateTest" time="0.0"/>
  <testcase name="nextDateTest4(Integer, Integer, Integer, Integer, String)[210]" classname="com.example.zyx.demo.Test.NextDateTest" time="0.0"/>
  <testcase name="nextDateTest4(Integer, Integer, Integer, Integer, String)[211]" classname="com.example.zyx.demo.Test.NextDateTest" time="0.0"/>
  <testcase name="nextDateTest4(Integer, Integer, Integer, Integer, String)[212]" classname="com.example.zyx.demo.Test.NextDateTest" time="0.0"/>
  <testcase name="nextDateTest4(Integer, Integer, Integer, Integer, String)[213]" classname="com.example.zyx.demo.Test.NextDateTest" time="0.0"/>
  <testcase name="nextDateTest4(Integer, Integer, Integer, Integer, String)[214]" classname="com.example.zyx.demo.Test.NextDateTest" time="0.0"/>
  <testcase name="nextDateTest4(Integer, Integer, Integer, Integer, String)[215]" classname="com.example.zyx.demo.Test.NextDateTest" time="0.0"/>
  <testcase name="nextDateTest4(Integer, Integer, Integer, Integer, String)[216]" classname="com.example.zyx.demo.Test.NextDateTest" time="0.0"/>
  <testcase name="nextDateTest4(Integer, Integer, Integer, Integer, String)[217]" classname="com.example.zyx.demo.Test.NextDateTest" time="0.0"/>
  <testcase name="nextDateTest4(Integer, Integer, Integer, Integer, String)[218]" classname="com.example.zyx.demo.Test.NextDateTest" time="0.0"/>
  <testcase name="nextDateTest4(Integer, Integer, Integer, Integer, String)[219]" classname="com.example.zyx.demo.Test.NextDateTest" time="0.0"/>
  <testcase name="nextDateTest4(Integer, Integer, Integer, Integer, String)[220]" classname="com.example.zyx.demo.Test.NextDateTest" time="0.0"/>
  <testcase name="nextDateTest4(Integer, Integer, Integer, Integer, String)[221]" classname="com.example.zyx.demo.Test.NextDateTest" time="0.0"/>
  <testcase name="nextDateTest4(Integer, Integer, Integer, Integer, String)[222]" classname="com.example.zyx.demo.Test.NextDateTest" time="0.001"/>
  <testcase name="nextDateTest4(Integer, Integer, Integer, Integer, String)[223]" classname="com.example.zyx.demo.Test.NextDateTest" time="0.0"/>
  <testcase name="nextDateTest4(Integer, Integer, Integer, Integer, String)[224]" classname="com.example.zyx.demo.Test.NextDateTest" time="0.0"/>
  <testcase name="nextDateTest4(Integer, Integer, Integer, Integer, String)[225]" classname="com.example.zyx.demo.Test.NextDateTest" time="0.0"/>
  <testcase name="nextDateTest4(Integer, Integer, Integer, Integer, String)[226]" classname="com.example.zyx.demo.Test.NextDateTest" time="0.0"/>
  <testcase name="nextDateTest4(Integer, Integer, Integer, Integer, String)[227]" classname="com.example.zyx.demo.Test.NextDateTest" time="0.0"/>
  <testcase name="nextDateTest4(Integer, Integer, Integer, Integer, String)[228]" classname="com.example.zyx.demo.Test.NextDateTest" time="0.0"/>
  <testcase name="nextDateTest4(Integer, Integer, Integer, Integer, String)[229]" classname="com.example.zyx.demo.Test.NextDateTest" time="0.0"/>
  <testcase name="nextDateTest4(Integer, Integer, Integer, Integer, String)[230]" classname="com.example.zyx.demo.Test.NextDateTest" time="0.001"/>
  <testcase name="nextDateTest4(Integer, Integer, Integer, Integer, String)[231]" classname="com.example.zyx.demo.Test.NextDateTest" time="0.0"/>
  <testcase name="nextDateTest4(Integer, Integer, Integer, Integer, String)[232]" classname="com.example.zyx.demo.Test.NextDateTest" time="0.0"/>
  <testcase name="nextDateTest4(Integer, Integer, Integer, Integer, String)[233]" classname="com.example.zyx.demo.Test.NextDateTest" time="0.0"/>
  <testcase name="nextDateTest4(Integer, Integer, Integer, Integer, String)[234]" classname="com.example.zyx.demo.Test.NextDateTest" time="0.0"/>
  <testcase name="nextDateTest4(Integer, Integer, Integer, Integer, String)[235]" classname="com.example.zyx.demo.Test.NextDateTest" time="0.0"/>
  <testcase name="nextDateTest4(Integer, Integer, Integer, Integer, String)[236]" classname="com.example.zyx.demo.Test.NextDateTest" time="0.0"/>
  <testcase name="nextDateTest4(Integer, Integer, Integer, Integer, String)[237]" classname="com.example.zyx.demo.Test.NextDateTest" time="0.0"/>
  <testcase name="nextDateTest4(Integer, Integer, Integer, Integer, String)[238]" classname="com.example.zyx.demo.Test.NextDateTest" time="0.001"/>
  <testcase name="nextDateTest4(Integer, Integer, Integer, Integer, String)[239]" classname="com.example.zyx.demo.Test.NextDateTest" time="0.0"/>
  <testcase name="nextDateTest4(Integer, Integer, Integer, Integer, String)[240]" classname="com.example.zyx.demo.Test.NextDateTest" time="0.0"/>
  <testcase name="nextDateTest4(Integer, Integer, Integer, Integer, String)[241]" classname="com.example.zyx.demo.Test.NextDateTest" time="0.0"/>
  <testcase name="nextDateTest4(Integer, Integer, Integer, Integer, String)[242]" classname="com.example.zyx.demo.Test.NextDateTest" time="0.0"/>
  <testcase name="nextDateTest4(Integer, Integer, Integer, Integer, String)[243]" classname="com.example.zyx.demo.Test.NextDateTest" time="0.0"/>
  <testcase name="nextDateTest4(Integer, Integer, Integer, Integer, String)[244]" classname="com.example.zyx.demo.Test.NextDateTest" time="0.0"/>
  <testcase name="nextDateTest4(Integer, Integer, Integer, Integer, String)[245]" classname="com.example.zyx.demo.Test.NextDateTest" time="0.0"/>
  <testcase name="nextDateTest4(Integer, Integer, Integer, Integer, String)[246]" classname="com.example.zyx.demo.Test.NextDateTest" time="0.0"/>
  <testcase name="nextDateTest4(Integer, Integer, Integer, Integer, String)[247]" classname="com.example.zyx.demo.Test.NextDateTest" time="0.001"/>
  <testcase name="nextDateTest4(Integer, Integer, Integer, Integer, String)[248]" classname="com.example.zyx.demo.Test.NextDateTest" time="0.0"/>
  <testcase name="nextDateTest4(Integer, Integer, Integer, Integer, String)[249]" classname="com.example.zyx.demo.Test.NextDateTest" time="0.0"/>
  <testcase name="nextDateTest4(Integer, Integer, Integer, Integer, String)[250]" classname="com.example.zyx.demo.Test.NextDateTest" time="0.0"/>
  <testcase name="nextDateTest4(Integer, Integer, Integer, Integer, String)[251]" classname="com.example.zyx.demo.Test.NextDateTest" time="0.0"/>
  <testcase name="nextDateTest4(Integer, Integer, Integer, Integer, String)[252]" classname="com.example.zyx.demo.Test.NextDateTest" time="0.0"/>
  <testcase name="nextDateTest4(Integer, Integer, Integer, Integer, String)[253]" classname="com.example.zyx.demo.Test.NextDateTest" time="0.0"/>
  <testcase name="nextDateTest4(Integer, Integer, Integer, Integer, String)[254]" classname="com.example.zyx.demo.Test.NextDateTest" time="0.0"/>
  <testcase name="nextDateTest4(Integer, Integer, Integer, Integer, String)[255]" classname="com.example.zyx.demo.Test.NextDateTest" time="0.0"/>
  <testcase name="nextDateTest4(Integer, Integer, Integer, Integer, String)[256]" classname="com.example.zyx.demo.Test.NextDateTest" time="0.0"/>
  <testcase name="nextDateTest4(Integer, Integer, Integer, Integer, String)[257]" classname="com.example.zyx.demo.Test.NextDateTest" time="0.0"/>
  <testcase name="nextDateTest4(Integer, Integer, Integer, Integer, String)[258]" classname="com.example.zyx.demo.Test.NextDateTest" time="0.0"/>
  <testcase name="nextDateTest4(Integer, Integer, Integer, Integer, String)[259]" classname="com.example.zyx.demo.Test.NextDateTest" time="0.0"/>
  <testcase name="nextDateTest4(Integer, Integer, Integer, Integer, String)[260]" classname="com.example.zyx.demo.Test.NextDateTest" time="0.003"/>
  <testcase name="nextDateTest4(Integer, Integer, Integer, Integer, String)[261]" classname="com.example.zyx.demo.Test.NextDateTest" time="0.0"/>
  <testcase name="nextDateTest4(Integer, Integer, Integer, Integer, String)[262]" classname="com.example.zyx.demo.Test.NextDateTest" time="0.0"/>
  <testcase name="nextDateTest4(Integer, Integer, Integer, Integer, String)[263]" classname="com.example.zyx.demo.Test.NextDateTest" time="0.0"/>
  <testcase name="nextDateTest4(Integer, Integer, Integer, Integer, String)[264]" classname="com.example.zyx.demo.Test.NextDateTest" time="0.001"/>
  <testcase name="nextDateTest4(Integer, Integer, Integer, Integer, String)[265]" classname="com.example.zyx.demo.Test.NextDateTest" time="0.0"/>
  <testcase name="nextDateTest4(Integer, Integer, Integer, Integer, String)[266]" classname="com.example.zyx.demo.Test.NextDateTest" time="0.0"/>
  <testcase name="nextDateTest4(Integer, Integer, Integer, Integer, String)[267]" classname="com.example.zyx.demo.Test.NextDateTest" time="0.001"/>
  <testcase name="nextDateTest4(Integer, Integer, Integer, Integer, String)[268]" classname="com.example.zyx.demo.Test.NextDateTest" time="0.0"/>
  <testcase name="nextDateTest4(Integer, Integer, Integer, Integer, String)[269]" classname="com.example.zyx.demo.Test.NextDateTest" time="0.0"/>
  <testcase name="nextDateTest4(Integer, Integer, Integer, Integer, String)[270]" classname="com.example.zyx.demo.Test.NextDateTest" time="0.0"/>
  <testcase name="nextDateTest4(Integer, Integer, Integer, Integer, String)[271]" classname="com.example.zyx.demo.Test.NextDateTest" time="0.0"/>
  <testcase name="nextDateTest4(Integer, Integer, Integer, Integer, String)[272]" classname="com.example.zyx.demo.Test.NextDateTest" time="0.0"/>
  <testcase name="nextDateTest4(Integer, Integer, Integer, Integer, String)[273]" classname="com.example.zyx.demo.Test.NextDateTest" time="0.0"/>
  <testcase name="nextDateTest4(Integer, Integer, Integer, Integer, String)[274]" classname="com.example.zyx.demo.Test.NextDateTest" time="0.0"/>
  <testcase name="nextDateTest4(Integer, Integer, Integer, Integer, String)[275]" classname="com.example.zyx.demo.Test.NextDateTest" time="0.001"/>
  <testcase name="nextDateTest4(Integer, Integer, Integer, Integer, String)[276]" classname="com.example.zyx.demo.Test.NextDateTest" time="0.0"/>
  <testcase name="nextDateTest4(Integer, Integer, Integer, Integer, String)[277]" classname="com.example.zyx.demo.Test.NextDateTest" time="0.0"/>
  <testcase name="nextDateTest4(Integer, Integer, Integer, Integer, String)[278]" classname="com.example.zyx.demo.Test.NextDateTest" time="0.0"/>
  <testcase name="nextDateTest4(Integer, Integer, Integer, Integer, String)[279]" classname="com.example.zyx.demo.Test.NextDateTest" time="0.0"/>
  <testcase name="nextDateTest4(Integer, Integer, Integer, Integer, String)[280]" classname="com.example.zyx.demo.Test.NextDateTest" time="0.001"/>
  <testcase name="nextDateTest4(Integer, Integer, Integer, Integer, String)[281]" classname="com.example.zyx.demo.Test.NextDateTest" time="0.0"/>
  <testcase name="nextDateTest4(Integer, Integer, Integer, Integer, String)[282]" classname="com.example.zyx.demo.Test.NextDateTest" time="0.0"/>
  <testcase name="nextDateTest4(Integer, Integer, Integer, Integer, String)[283]" classname="com.example.zyx.demo.Test.NextDateTest" time="0.0"/>
  <testcase name="nextDateTest4(Integer, Integer, Integer, Integer, String)[284]" classname="com.example.zyx.demo.Test.NextDateTest" time="0.0"/>
  <testcase name="nextDateTest4(Integer, Integer, Integer, Integer, String)[285]" classname="com.example.zyx.demo.Test.NextDateTest" time="0.001"/>
  <testcase name="nextDateTest4(Integer, Integer, Integer, Integer, String)[286]" classname="com.example.zyx.demo.Test.NextDateTest" time="0.0"/>
  <testcase name="nextDateTest4(Integer, Integer, Integer, Integer, String)[287]" classname="com.example.zyx.demo.Test.NextDateTest" time="0.001"/>
  <testcase name="nextDateTest4(Integer, Integer, Integer, Integer, String)[288]" classname="com.example.zyx.demo.Test.NextDateTest" time="0.0"/>
  <testcase name="nextDateTest4(Integer, Integer, Integer, Integer, String)[289]" classname="com.example.zyx.demo.Test.NextDateTest" time="0.0"/>
  <testcase name="nextDateTest4(Integer, Integer, Integer, Integer, String)[290]" classname="com.example.zyx.demo.Test.NextDateTest" time="0.0"/>
  <testcase name="nextDateTest4(Integer, Integer, Integer, Integer, String)[291]" classname="com.example.zyx.demo.Test.NextDateTest" time="0.0"/>
  <testcase name="nextDateTest4(Integer, Integer, Integer, Integer, String)[292]" classname="com.example.zyx.demo.Test.NextDateTest" time="0.0"/>
  <testcase name="nextDateTest4(Integer, Integer, Integer, Integer, String)[293]" classname="com.example.zyx.demo.Test.NextDateTest" time="0.0"/>
  <testcase name="nextDateTest4(Integer, Integer, Integer, Integer, String)[294]" classname="com.example.zyx.demo.Test.NextDateTest" time="0.0"/>
  <testcase name="nextDateTest4(Integer, Integer, Integer, Integer, String)[295]" classname="com.example.zyx.demo.Test.NextDateTest" time="0.0"/>
  <testcase name="nextDateTest4(Integer, Integer, Integer, Integer, String)[296]" classname="com.example.zyx.demo.Test.NextDateTest" time="0.0"/>
  <testcase name="nextDateTest4(Integer, Integer, Integer, Integer, String)[297]" classname="com.example.zyx.demo.Test.NextDateTest" time="0.0"/>
  <testcase name="nextDateTest4(Integer, Integer, Integer, Integer, String)[298]" classname="com.example.zyx.demo.Test.NextDateTest" time="0.0"/>
  <testcase name="nextDateTest4(Integer, Integer, Integer, Integer, String)[299]" classname="com.example.zyx.demo.Test.NextDateTest" time="0.0"/>
  <testcase name="nextDateTest4(Integer, Integer, Integer, Integer, String)[300]" classname="com.example.zyx.demo.Test.NextDateTest" time="0.001"/>
  <testcase name="nextDateTest4(Integer, Integer, Integer, Integer, String)[301]" classname="com.example.zyx.demo.Test.NextDateTest" time="0.0"/>
  <testcase name="nextDateTest4(Integer, Integer, Integer, Integer, String)[302]" classname="com.example.zyx.demo.Test.NextDateTest" time="0.0"/>
  <testcase name="nextDateTest4(Integer, Integer, Integer, Integer, String)[303]" classname="com.example.zyx.demo.Test.NextDateTest" time="0.001"/>
  <testcase name="nextDateTest4(Integer, Integer, Integer, Integer, String)[304]" classname="com.example.zyx.demo.Test.NextDateTest" time="0.0"/>
  <testcase name="nextDateTest4(Integer, Integer, Integer, Integer, String)[305]" classname="com.example.zyx.demo.Test.NextDateTest" time="0.001"/>
  <testcase name="nextDateTest4(Integer, Integer, Integer, Integer, String)[306]" classname="com.example.zyx.demo.Test.NextDateTest" time="0.0"/>
  <testcase name="nextDateTest4(Integer, Integer, Integer, Integer, String)[307]" classname="com.example.zyx.demo.Test.NextDateTest" time="0.0"/>
  <testcase name="nextDateTest4(Integer, Integer, Integer, Integer, String)[308]" classname="com.example.zyx.demo.Test.NextDateTest" time="0.0"/>
  <testcase name="nextDateTest4(Integer, Integer, Integer, Integer, String)[309]" classname="com.example.zyx.demo.Test.NextDateTest" time="0.0"/>
  <testcase name="nextDateTest4(Integer, Integer, Integer, Integer, String)[310]" classname="com.example.zyx.demo.Test.NextDateTest" time="0.001"/>
  <testcase name="nextDateTest4(Integer, Integer, Integer, Integer, String)[311]" classname="com.example.zyx.demo.Test.NextDateTest" time="0.0"/>
  <testcase name="nextDateTest4(Integer, Integer, Integer, Integer, String)[312]" classname="com.example.zyx.demo.Test.NextDateTest" time="0.0"/>
  <testcase name="nextDateTest4(Integer, Integer, Integer, Integer, String)[313]" classname="com.example.zyx.demo.Test.NextDateTest" time="0.0"/>
  <testcase name="nextDateTest4(Integer, Integer, Integer, Integer, String)[314]" classname="com.example.zyx.demo.Test.NextDateTest" time="0.0"/>
  <testcase name="nextDateTest4(Integer, Integer, Integer, Integer, String)[315]" classname="com.example.zyx.demo.Test.NextDateTest" time="0.0"/>
  <testcase name="nextDateTest4(Integer, Integer, Integer, Integer, String)[316]" classname="com.example.zyx.demo.Test.NextDateTest" time="0.0"/>
  <testcase name="nextDateTest4(Integer, Integer, Integer, Integer, String)[317]" classname="com.example.zyx.demo.Test.NextDateTest" time="0.0"/>
  <testcase name="nextDateTest4(Integer, Integer, Integer, Integer, String)[318]" classname="com.example.zyx.demo.Test.NextDateTest" time="0.0"/>
  <testcase name="nextDateTest4(Integer, Integer, Integer, Integer, String)[319]" classname="com.example.zyx.demo.Test.NextDateTest" time="0.0"/>
  <testcase name="nextDateTest4(Integer, Integer, Integer, Integer, String)[320]" classname="com.example.zyx.demo.Test.NextDateTest" time="0.0"/>
  <testcase name="nextDateTest4(Integer, Integer, Integer, Integer, String)[321]" classname="com.example.zyx.demo.Test.NextDateTest" time="0.0"/>
  <testcase name="nextDateTest4(Integer, Integer, Integer, Integer, String)[322]" classname="com.example.zyx.demo.Test.NextDateTest" time="0.0"/>
  <testcase name="nextDateTest4(Integer, Integer, Integer, Integer, String)[323]" classname="com.example.zyx.demo.Test.NextDateTest" time="0.0"/>
  <testcase name="nextDateTest4(Integer, Integer, Integer, Integer, String)[324]" classname="com.example.zyx.demo.Test.NextDateTest" time="0.0"/>
  <testcase name="nextDateTest4(Integer, Integer, Integer, Integer, String)[325]" classname="com.example.zyx.demo.Test.NextDateTest" time="0.001"/>
  <testcase name="nextDateTest4(Integer, Integer, Integer, Integer, String)[326]" classname="com.example.zyx.demo.Test.NextDateTest" time="0.0"/>
  <testcase name="nextDateTest4(Integer, Integer, Integer, Integer, String)[327]" classname="com.example.zyx.demo.Test.NextDateTest" time="0.0"/>
  <testcase name="nextDateTest4(Integer, Integer, Integer, Integer, String)[328]" classname="com.example.zyx.demo.Test.NextDateTest" time="0.0"/>
  <testcase name="nextDateTest4(Integer, Integer, Integer, Integer, String)[329]" classname="com.example.zyx.demo.Test.NextDateTest" time="0.0"/>
  <testcase name="nextDateTest4(Integer, Integer, Integer, Integer, String)[330]" classname="com.example.zyx.demo.Test.NextDateTest" time="0.0"/>
  <testcase name="nextDateTest4(Integer, Integer, Integer, Integer, String)[331]" classname="com.example.zyx.demo.Test.NextDateTest" time="0.0"/>
  <testcase name="nextDateTest4(Integer, Integer, Integer, Integer, String)[332]" classname="com.example.zyx.demo.Test.NextDateTest" time="0.0"/>
  <testcase name="nextDateTest4(Integer, Integer, Integer, Integer, String)[333]" classname="com.example.zyx.demo.Test.NextDateTest" time="0.0"/>
  <testcase name="nextDateTest4(Integer, Integer, Integer, Integer, String)[334]" classname="com.example.zyx.demo.Test.NextDateTest" time="0.0"/>
  <testcase name="nextDateTest4(Integer, Integer, Integer, Integer, String)[335]" classname="com.example.zyx.demo.Test.NextDateTest" time="0.0"/>
  <testcase name="nextDateTest4(Integer, Integer, Integer, Integer, String)[336]" classname="com.example.zyx.demo.Test.NextDateTest" time="0.0"/>
  <testcase name="nextDateTest4(Integer, Integer, Integer, Integer, String)[337]" classname="com.example.zyx.demo.Test.NextDateTest" time="0.0"/>
  <testcase name="nextDateTest4(Integer, Integer, Integer, Integer, String)[338]" classname="com.example.zyx.demo.Test.NextDateTest" time="0.0"/>
  <testcase name="nextDateTest4(Integer, Integer, Integer, Integer, String)[339]" classname="com.example.zyx.demo.Test.NextDateTest" time="0.0"/>
  <testcase name="nextDateTest4(Integer, Integer, Integer, Integer, String)[340]" classname="com.example.zyx.demo.Test.NextDateTest" time="0.0"/>
  <testcase name="nextDateTest4(Integer, Integer, Integer, Integer, String)[341]" classname="com.example.zyx.demo.Test.NextDateTest" time="0.0"/>
  <testcase name="nextDateTest4(Integer, Integer, Integer, Integer, String)[342]" classname="com.example.zyx.demo.Test.NextDateTest" time="0.0"/>
  <testcase name="nextDateTest4(Integer, Integer, Integer, Integer, String)[343]" classname="com.example.zyx.demo.Test.NextDateTest" time="0.001"/>
  <testcase name="nextDateTest4(Integer, Integer, Integer, Integer, String)[344]" classname="com.example.zyx.demo.Test.NextDateTest" time="0.0"/>
  <testcase name="nextDateTest4(Integer, Integer, Integer, Integer, String)[345]" classname="com.example.zyx.demo.Test.NextDateTest" time="0.0"/>
  <testcase name="nextDateTest4(Integer, Integer, Integer, Integer, String)[346]" classname="com.example.zyx.demo.Test.NextDateTest" time="0.001"/>
  <testcase name="nextDateTest4(Integer, Integer, Integer, Integer, String)[347]" classname="com.example.zyx.demo.Test.NextDateTest" time="0.0"/>
  <testcase name="nextDateTest4(Integer, Integer, Integer, Integer, String)[348]" classname="com.example.zyx.demo.Test.NextDateTest" time="0.0"/>
  <testcase name="nextDateTest4(Integer, Integer, Integer, Integer, String)[349]" classname="com.example.zyx.demo.Test.NextDateTest" time="0.0"/>
  <testcase name="nextDateTest4(Integer, Integer, Integer, Integer, String)[350]" classname="com.example.zyx.demo.Test.NextDateTest" time="0.0"/>
  <testcase name="nextDateTest4(Integer, Integer, Integer, Integer, String)[351]" classname="com.example.zyx.demo.Test.NextDateTest" time="0.0"/>
  <testcase name="nextDateTest4(Integer, Integer, Integer, Integer, String)[352]" classname="com.example.zyx.demo.Test.NextDateTest" time="0.0"/>
  <testcase name="nextDateTest4(Integer, Integer, Integer, Integer, String)[353]" classname="com.example.zyx.demo.Test.NextDateTest" time="0.0"/>
  <testcase name="nextDateTest4(Integer, Integer, Integer, Integer, String)[354]" classname="com.example.zyx.demo.Test.NextDateTest" time="0.0"/>
  <testcase name="nextDateTest4(Integer, Integer, Integer, Integer, String)[355]" classname="com.example.zyx.demo.Test.NextDateTest" time="0.0"/>
  <testcase name="nextDateTest4(Integer, Integer, Integer, Integer, String)[356]" classname="com.example.zyx.demo.Test.NextDateTest" time="0.001"/>
  <testcase name="nextDateTest4(Integer, Integer, Integer, Integer, String)[357]" classname="com.example.zyx.demo.Test.NextDateTest" time="0.0"/>
  <testcase name="nextDateTest4(Integer, Integer, Integer, Integer, String)[358]" classname="com.example.zyx.demo.Test.NextDateTest" time="0.0"/>
  <testcase name="nextDateTest4(Integer, Integer, Integer, Integer, String)[359]" classname="com.example.zyx.demo.Test.NextDateTest" time="0.001"/>
  <testcase name="nextDateTest4(Integer, Integer, Integer, Integer, String)[360]" classname="com.example.zyx.demo.Test.NextDateTest" time="0.0"/>
  <testcase name="nextDateTest4(Integer, Integer, Integer, Integer, String)[361]" classname="com.example.zyx.demo.Test.NextDateTest" time="0.0"/>
  <testcase name="nextDateTest4(Integer, Integer, Integer, Integer, String)[362]" classname="com.example.zyx.demo.Test.NextDateTest" time="0.0"/>
  <testcase name="nextDateTest4(Integer, Integer, Integer, Integer, String)[363]" classname="com.example.zyx.demo.Test.NextDateTest" time="0.0"/>
  <testcase name="nextDateTest4(Integer, Integer, Integer, Integer, String)[364]" classname="com.example.zyx.demo.Test.NextDateTest" time="0.0"/>
  <testcase name="nextDateTest4(Integer, Integer, Integer, Integer, String)[365]" classname="com.example.zyx.demo.Test.NextDateTest" time="0.0"/>
  <testcase name="nextDateTest4(Integer, Integer, Integer, Integer, String)[366]" classname="com.example.zyx.demo.Test.NextDateTest" time="0.0"/>
  <testcase name="nextDateTest4(Integer, Integer, Integer, Integer, String)[367]" classname="com.example.zyx.demo.Test.NextDateTest" time="0.0"/>
  <testcase name="nextDateTest4(Integer, Integer, Integer, Integer, String)[368]" classname="com.example.zyx.demo.Test.NextDateTest" time="0.001"/>
  <testcase name="nextDateTest4(Integer, Integer, Integer, Integer, String)[369]" classname="com.example.zyx.demo.Test.NextDateTest" time="0.0"/>
  <testcase name="nextDateTest4(Integer, Integer, Integer, Integer, String)[370]" classname="com.example.zyx.demo.Test.NextDateTest" time="0.0"/>
  <testcase name="nextDateTest4(Integer, Integer, Integer, Integer, String)[371]" classname="com.example.zyx.demo.Test.NextDateTest" time="0.0"/>
  <testcase name="nextDateTest4(Integer, Integer, Integer, Integer, String)[372]" classname="com.example.zyx.demo.Test.NextDateTest" time="0.0"/>
  <testcase name="nextDateTest4(Integer, Integer, Integer, Integer, String)[373]" classname="com.example.zyx.demo.Test.NextDateTest" time="0.0"/>
  <testcase name="nextDateTest4(Integer, Integer, Integer, Integer, String)[374]" classname="com.example.zyx.demo.Test.NextDateTest" time="0.0"/>
  <testcase name="nextDateTest4(Integer, Integer, Integer, Integer, String)[375]" classname="com.example.zyx.demo.Test.NextDateTest" time="0.0"/>
  <testcase name="nextDateTest4(Integer, Integer, Integer, Integer, String)[376]" classname="com.example.zyx.demo.Test.NextDateTest" time="0.0"/>
  <testcase name="nextDateTest4(Integer, Integer, Integer, Integer, String)[377]" classname="com.example.zyx.demo.Test.NextDateTest" time="0.001"/>
  <testcase name="nextDateTest4(Integer, Integer, Integer, Integer, String)[378]" classname="com.example.zyx.demo.Test.NextDateTest" time="0.0"/>
  <testcase name="nextDateTest4(Integer, Integer, Integer, Integer, String)[379]" classname="com.example.zyx.demo.Test.NextDateTest" time="0.0"/>
  <testcase name="nextDateTest4(Integer, Integer, Integer, Integer, String)[380]" classname="com.example.zyx.demo.Test.NextDateTest" time="0.0"/>
  <testcase name="nextDateTest4(Integer, Integer, Integer, Integer, String)[381]" classname="com.example.zyx.demo.Test.NextDateTest" time="0.0"/>
  <testcase name="nextDateTest4(Integer, Integer, Integer, Integer, String)[382]" classname="com.example.zyx.demo.Test.NextDateTest" time="0.0"/>
  <testcase name="nextDateTest4(Integer, Integer, Integer, Integer, String)[383]" classname="com.example.zyx.demo.Test.NextDateTest" time="0.0"/>
  <testcase name="nextDateTest4(Integer, Integer, Integer, Integer, String)[384]" classname="com.example.zyx.demo.Test.NextDateTest" time="0.001"/>
  <testcase name="nextDateTest4(Integer, Integer, Integer, Integer, String)[385]" classname="com.example.zyx.demo.Test.NextDateTest" time="0.0"/>
  <testcase name="nextDateTest4(Integer, Integer, Integer, Integer, String)[386]" classname="com.example.zyx.demo.Test.NextDateTest" time="0.001"/>
  <testcase name="nextDateTest4(Integer, Integer, Integer, Integer, String)[387]" classname="com.example.zyx.demo.Test.NextDateTest" time="0.0"/>
  <testcase name="nextDateTest4(Integer, Integer, Integer, Integer, String)[388]" classname="com.example.zyx.demo.Test.NextDateTest" time="0.0"/>
  <testcase name="nextDateTest4(Integer, Integer, Integer, Integer, String)[389]" classname="com.example.zyx.demo.Test.NextDateTest" time="0.0"/>
  <testcase name="nextDateTest4(Integer, Integer, Integer, Integer, String)[390]" classname="com.example.zyx.demo.Test.NextDateTest" time="0.001"/>
  <testcase name="nextDateTest4(Integer, Integer, Integer, Integer, String)[391]" classname="com.example.zyx.demo.Test.NextDateTest" time="0.0"/>
  <testcase name="nextDateTest4(Integer, Integer, Integer, Integer, String)[392]" classname="com.example.zyx.demo.Test.NextDateTest" time="0.0"/>
  <testcase name="nextDateTest4(Integer, Integer, Integer, Integer, String)[393]" classname="com.example.zyx.demo.Test.NextDateTest" time="0.0"/>
  <testcase name="nextDateTest4(Integer, Integer, Integer, Integer, String)[394]" classname="com.example.zyx.demo.Test.NextDateTest" time="0.0"/>
  <testcase name="nextDateTest4(Integer, Integer, Integer, Integer, String)[395]" classname="com.example.zyx.demo.Test.NextDateTest" time="0.001"/>
  <testcase name="nextDateTest4(Integer, Integer, Integer, Integer, String)[396]" classname="com.example.zyx.demo.Test.NextDateTest" time="0.0"/>
  <testcase name="nextDateTest4(Integer, Integer, Integer, Integer, String)[397]" classname="com.example.zyx.demo.Test.NextDateTest" time="0.0"/>
  <testcase name="nextDateTest4(Integer, Integer, Integer, Integer, String)[398]" classname="com.example.zyx.demo.Test.NextDateTest" time="0.001"/>
  <testcase name="nextDateTest4(Integer, Integer, Integer, Integer, String)[399]" classname="com.example.zyx.demo.Test.NextDateTest" time="0.0"/>
  <testcase name="nextDateTest4(Integer, Integer, Integer, Integer, String)[400]" classname="com.example.zyx.demo.Test.NextDateTest" time="0.0"/>
  <testcase name="nextDateTest4(Integer, Integer, Integer, Integer, String)[401]" classname="com.example.zyx.demo.Test.NextDateTest" time="0.0"/>
  <testcase name="nextDateTest4(Integer, Integer, Integer, Integer, String)[402]" classname="com.example.zyx.demo.Test.NextDateTest" time="0.0"/>
  <testcase name="nextDateTest4(Integer, Integer, Integer, Integer, String)[403]" classname="com.example.zyx.demo.Test.NextDateTest" time="0.0"/>
  <testcase name="nextDateTest4(Integer, Integer, Integer, Integer, String)[404]" classname="com.example.zyx.demo.Test.NextDateTest" time="0.0"/>
  <testcase name="nextDateTest4(Integer, Integer, Integer, Integer, String)[405]" classname="com.example.zyx.demo.Test.NextDateTest" time="0.0"/>
  <testcase name="nextDateTest4(Integer, Integer, Integer, Integer, String)[406]" classname="com.example.zyx.demo.Test.NextDateTest" time="0.0"/>
  <testcase name="nextDateTest4(Integer, Integer, Integer, Integer, String)[407]" classname="com.example.zyx.demo.Test.NextDateTest" time="0.0"/>
  <testcase name="nextDateTest4(Integer, Integer, Integer, Integer, String)[408]" classname="com.example.zyx.demo.Test.NextDateTest" time="0.001"/>
  <testcase name="nextDateTest4(Integer, Integer, Integer, Integer, String)[409]" classname="com.example.zyx.demo.Test.NextDateTest" time="0.0"/>
  <testcase name="nextDateTest4(Integer, Integer, Integer, Integer, String)[410]" classname="com.example.zyx.demo.Test.NextDateTest" time="0.0"/>
  <testcase name="nextDateTest4(Integer, Integer, Integer, Integer, String)[411]" classname="com.example.zyx.demo.Test.NextDateTest" time="0.0"/>
  <testcase name="nextDateTest4(Integer, Integer, Integer, Integer, String)[412]" classname="com.example.zyx.demo.Test.NextDateTest" time="0.0"/>
  <testcase name="nextDateTest4(Integer, Integer, Integer, Integer, String)[413]" classname="com.example.zyx.demo.Test.NextDateTest" time="0.0"/>
  <testcase name="nextDateTest4(Integer, Integer, Integer, Integer, String)[414]" classname="com.example.zyx.demo.Test.NextDateTest" time="0.001"/>
  <testcase name="nextDateTest4(Integer, Integer, Integer, Integer, String)[415]" classname="com.example.zyx.demo.Test.NextDateTest" time="0.0"/>
  <testcase name="nextDateTest4(Integer, Integer, Integer, Integer, String)[416]" classname="com.example.zyx.demo.Test.NextDateTest" time="0.001"/>
  <testcase name="nextDateTest4(Integer, Integer, Integer, Integer, String)[417]" classname="com.example.zyx.demo.Test.NextDateTest" time="0.0"/>
  <testcase name="nextDateTest4(Integer, Integer, Integer, Integer, String)[418]" classname="com.example.zyx.demo.Test.NextDateTest" time="0.001"/>
  <testcase name="nextDateTest4(Integer, Integer, Integer, Integer, String)[419]" classname="com.example.zyx.demo.Test.NextDateTest" time="0.0"/>
  <testcase name="nextDateTest4(Integer, Integer, Integer, Integer, String)[420]" classname="com.example.zyx.demo.Test.NextDateTest" time="0.001"/>
  <testcase name="nextDateTest4(Integer, Integer, Integer, Integer, String)[421]" classname="com.example.zyx.demo.Test.NextDateTest" time="0.0"/>
  <testcase name="nextDateTest4(Integer, Integer, Integer, Integer, String)[422]" classname="com.example.zyx.demo.Test.NextDateTest" time="0.0"/>
  <testcase name="nextDateTest4(Integer, Integer, Integer, Integer, String)[423]" classname="com.example.zyx.demo.Test.NextDateTest" time="0.0"/>
  <testcase name="nextDateTest4(Integer, Integer, Integer, Integer, String)[424]" classname="com.example.zyx.demo.Test.NextDateTest" time="0.0"/>
  <testcase name="nextDateTest4(Integer, Integer, Integer, Integer, String)[425]" classname="com.example.zyx.demo.Test.NextDateTest" time="0.0"/>
  <testcase name="nextDateTest4(Integer, Integer, Integer, Integer, String)[426]" classname="com.example.zyx.demo.Test.NextDateTest" time="0.0"/>
  <testcase name="nextDateTest4(Integer, Integer, Integer, Integer, String)[427]" classname="com.example.zyx.demo.Test.NextDateTest" time="0.0"/>
  <testcase name="nextDateTest4(Integer, Integer, Integer, Integer, String)[428]" classname="com.example.zyx.demo.Test.NextDateTest" time="0.0"/>
  <testcase name="nextDateTest4(Integer, Integer, Integer, Integer, String)[429]" classname="com.example.zyx.demo.Test.NextDateTest" time="0.0"/>
  <testcase name="nextDateTest4(Integer, Integer, Integer, Integer, String)[430]" classname="com.example.zyx.demo.Test.NextDateTest" time="0.0"/>
  <testcase name="nextDateTest4(Integer, Integer, Integer, Integer, String)[431]" classname="com.example.zyx.demo.Test.NextDateTest" time="0.0"/>
  <testcase name="nextDateTest4(Integer, Integer, Integer, Integer, String)[432]" classname="com.example.zyx.demo.Test.NextDateTest" time="0.001"/>
  <testcase name="nextDateTest4(Integer, Integer, Integer, Integer, String)[433]" classname="com.example.zyx.demo.Test.NextDateTest" time="0.0"/>
  <testcase name="nextDateTest4(Integer, Integer, Integer, Integer, String)[434]" classname="com.example.zyx.demo.Test.NextDateTest" time="0.0"/>
  <testcase name="nextDateTest4(Integer, Integer, Integer, Integer, String)[435]" classname="com.example.zyx.demo.Test.NextDateTest" time="0.0"/>
  <testcase name="nextDateTest4(Integer, Integer, Integer, Integer, String)[436]" classname="com.example.zyx.demo.Test.NextDateTest" time="0.0"/>
  <testcase name="nextDateTest4(Integer, Integer, Integer, Integer, String)[437]" classname="com.example.zyx.demo.Test.NextDateTest" time="0.0"/>
  <testcase name="nextDateTest4(Integer, Integer, Integer, Integer, String)[438]" classname="com.example.zyx.demo.Test.NextDateTest" time="0.0"/>
  <testcase name="nextDateTest4(Integer, Integer, Integer, Integer, String)[439]" classname="com.example.zyx.demo.Test.NextDateTest" time="0.001"/>
  <testcase name="nextDateTest4(Integer, Integer, Integer, Integer, String)[440]" classname="com.example.zyx.demo.Test.NextDateTest" time="0.0"/>
  <testcase name="nextDateTest4(Integer, Integer, Integer, Integer, String)[441]" classname="com.example.zyx.demo.Test.NextDateTest" time="0.0"/>
  <testcase name="nextDateTest4(Integer, Integer, Integer, Integer, String)[442]" classname="com.example.zyx.demo.Test.NextDateTest" time="0.0"/>
  <testcase name="nextDateTest4(Integer, Integer, Integer, Integer, String)[443]" classname="com.example.zyx.demo.Test.NextDateTest" time="0.0"/>
  <testcase name="nextDateTest4(Integer, Integer, Integer, Integer, String)[444]" classname="com.example.zyx.demo.Test.NextDateTest" time="0.0"/>
  <testcase name="nextDateTest4(Integer, Integer, Integer, Integer, String)[445]" classname="com.example.zyx.demo.Test.NextDateTest" time="0.001"/>
  <testcase name="nextDateTest4(Integer, Integer, Integer, Integer, String)[446]" classname="com.example.zyx.demo.Test.NextDateTest" time="0.0"/>
  <testcase name="nextDateTest4(Integer, Integer, Integer, Integer, String)[447]" classname="com.example.zyx.demo.Test.NextDateTest" time="0.001"/>
  <testcase name="nextDateTest4(Integer, Integer, Integer, Integer, String)[448]" classname="com.example.zyx.demo.Test.NextDateTest" time="0.0"/>
  <testcase name="nextDateTest4(Integer, Integer, Integer, Integer, String)[449]" classname="com.example.zyx.demo.Test.NextDateTest" time="0.0"/>
  <testcase name="nextDateTest4(Integer, Integer, Integer, Integer, String)[450]" classname="com.example.zyx.demo.Test.NextDateTest" time="0.001"/>
  <testcase name="nextDateTest4(Integer, Integer, Integer, Integer, String)[451]" classname="com.example.zyx.demo.Test.NextDateTest" time="0.0"/>
  <testcase name="nextDateTest4(Integer, Integer, Integer, Integer, String)[452]" classname="com.example.zyx.demo.Test.NextDateTest" time="0.0"/>
  <testcase name="nextDateTest4(Integer, Integer, Integer, Integer, String)[453]" classname="com.example.zyx.demo.Test.NextDateTest" time="0.0"/>
  <testcase name="nextDateTest4(Integer, Integer, Integer, Integer, String)[454]" classname="com.example.zyx.demo.Test.NextDateTest" time="0.0"/>
  <testcase name="nextDateTest4(Integer, Integer, Integer, Integer, String)[455]" classname="com.example.zyx.demo.Test.NextDateTest" time="0.001"/>
  <testcase name="nextDateTest4(Integer, Integer, Integer, Integer, String)[456]" classname="com.example.zyx.demo.Test.NextDateTest" time="0.0"/>
  <testcase name="nextDateTest4(Integer, Integer, Integer, Integer, String)[457]" classname="com.example.zyx.demo.Test.NextDateTest" time="0.0"/>
  <testcase name="nextDateTest4(Integer, Integer, Integer, Integer, String)[458]" classname="com.example.zyx.demo.Test.NextDateTest" time="0.0"/>
  <testcase name="nextDateTest4(Integer, Integer, Integer, Integer, String)[459]" classname="com.example.zyx.demo.Test.NextDateTest" time="0.0"/>
  <testcase name="nextDateTest4(Integer, Integer, Integer, Integer, String)[460]" classname="com.example.zyx.demo.Test.NextDateTest" time="0.0"/>
  <testcase name="nextDateTest4(Integer, Integer, Integer, Integer, String)[461]" classname="com.example.zyx.demo.Test.NextDateTest" time="0.0"/>
  <testcase name="nextDateTest4(Integer, Integer, Integer, Integer, String)[462]" classname="com.example.zyx.demo.Test.NextDateTest" time="0.0"/>
  <testcase name="nextDateTest4(Integer, Integer, Integer, Integer, String)[463]" classname="com.example.zyx.demo.Test.NextDateTest" time="0.0"/>
  <testcase name="nextDateTest4(Integer, Integer, Integer, Integer, String)[464]" classname="com.example.zyx.demo.Test.NextDateTest" time="0.0"/>
  <testcase name="nextDateTest4(Integer, Integer, Integer, Integer, String)[465]" classname="com.example.zyx.demo.Test.NextDateTest" time="0.0"/>
  <testcase name="nextDateTest4(Integer, Integer, Integer, Integer, String)[466]" classname="com.example.zyx.demo.Test.NextDateTest" time="0.0"/>
  <testcase name="nextDateTest4(Integer, Integer, Integer, Integer, String)[467]" classname="com.example.zyx.demo.Test.NextDateTest" time="0.0"/>
  <testcase name="nextDateTest4(Integer, Integer, Integer, Integer, String)[468]" classname="com.example.zyx.demo.Test.NextDateTest" time="0.0"/>
  <testcase name="nextDateTest4(Integer, Integer, Integer, Integer, String)[469]" classname="com.example.zyx.demo.Test.NextDateTest" time="0.0"/>
  <testcase name="nextDateTest4(Integer, Integer, Integer, Integer, String)[470]" classname="com.example.zyx.demo.Test.NextDateTest" time="0.0"/>
  <testcase name="nextDateTest4(Integer, Integer, Integer, Integer, String)[471]" classname="com.example.zyx.demo.Test.NextDateTest" time="0.0"/>
  <testcase name="nextDateTest4(Integer, Integer, Integer, Integer, String)[472]" classname="com.example.zyx.demo.Test.NextDateTest" time="0.0"/>
  <testcase name="nextDateTest4(Integer, Integer, Integer, Integer, String)[473]" classname="com.example.zyx.demo.Test.NextDateTest" time="0.0"/>
  <testcase name="nextDateTest4(Integer, Integer, Integer, Integer, String)[474]" classname="com.example.zyx.demo.Test.NextDateTest" time="0.001"/>
  <testcase name="nextDateTest4(Integer, Integer, Integer, Integer, String)[475]" classname="com.example.zyx.demo.Test.NextDateTest" time="0.0"/>
  <testcase name="nextDateTest4(Integer, Integer, Integer, Integer, String)[476]" classname="com.example.zyx.demo.Test.NextDateTest" time="0.0"/>
  <testcase name="nextDateTest4(Integer, Integer, Integer, Integer, String)[477]" classname="com.example.zyx.demo.Test.NextDateTest" time="0.0"/>
  <testcase name="nextDateTest4(Integer, Integer, Integer, Integer, String)[478]" classname="com.example.zyx.demo.Test.NextDateTest" time="0.001"/>
  <testcase name="nextDateTest4(Integer, Integer, Integer, Integer, String)[479]" classname="com.example.zyx.demo.Test.NextDateTest" time="0.0"/>
  <testcase name="nextDateTest4(Integer, Integer, Integer, Integer, String)[480]" classname="com.example.zyx.demo.Test.NextDateTest" time="0.0"/>
  <testcase name="nextDateTest4(Integer, Integer, Integer, Integer, String)[481]" classname="com.example.zyx.demo.Test.NextDateTest" time="0.0"/>
  <testcase name="nextDateTest4(Integer, Integer, Integer, Integer, String)[482]" classname="com.example.zyx.demo.Test.NextDateTest" time="0.001"/>
  <testcase name="nextDateTest4(Integer, Integer, Integer, Integer, String)[483]" classname="com.example.zyx.demo.Test.NextDateTest" time="0.0"/>
  <testcase name="nextDateTest4(Integer, Integer, Integer, Integer, String)[484]" classname="com.example.zyx.demo.Test.NextDateTest" time="0.0"/>
  <testcase name="nextDateTest4(Integer, Integer, Integer, Integer, String)[485]" classname="com.example.zyx.demo.Test.NextDateTest" time="0.0"/>
  <testcase name="nextDateTest4(Integer, Integer, Integer, Integer, String)[486]" classname="com.example.zyx.demo.Test.NextDateTest" time="0.001"/>
  <testcase name="nextDateTest4(Integer, Integer, Integer, Integer, String)[487]" classname="com.example.zyx.demo.Test.NextDateTest" time="0.0"/>
  <testcase name="nextDateTest4(Integer, Integer, Integer, Integer, String)[488]" classname="com.example.zyx.demo.Test.NextDateTest" time="0.0"/>
  <testcase name="nextDateTest4(Integer, Integer, Integer, Integer, String)[489]" classname="com.example.zyx.demo.Test.NextDateTest" time="0.0"/>
  <testcase name="nextDateTest4(Integer, Integer, Integer, Integer, String)[490]" classname="com.example.zyx.demo.Test.NextDateTest" time="0.001"/>
  <system-out><![CDATA[]]></system-out>
  <system-err><![CDATA[]]></system-err>
</testsuite>
